Name                                             Stmts   Miss  Cover   Missing
------------------------------------------------------------------------------
services/buy-executor/executor.py                  303    130    57%   88, 96-98, 151-154, 156-159, 174-178, 192, 198-202, 216-219, 237-244, 261-265, 270-271, 276-277, 287-289, 301-364, 378-379, 406-449, 488-490, 494, 509-514, 547-550, 600-602, 630, 634-636
services/buy-scanner/scanner.py                    450    349    22%   87-285, 289-376, 404, 408-409, 421, 455-456, 469-641, 667-668, 674-675, 686, 708-715, 728-751, 772-860, 870-903, 909-944
services/buy_executor_module.py                     12     12     0%   2-20
services/dashboard/backend/routers/__init__.py       0      0   100%
services/dashboard/backend/routers/configs.py       91     30    67%   121-127, 145-171
services/news-crawler/crawler.py                   416    239    43%   29-30, 58-75, 136-178, 189-231, 239-252, 265-268, 283-284, 304-305, 329-330, 341-342, 354, 358, 374, 383, 396-398, 405-408, 417-418, 428-439, 449-453, 460-461, 476-630, 638-656, 662-672, 691-692, 697-699, 720-721, 733, 743-744
services/price-monitor/monitor.py                  218    137    37%   50-78, 81-82, 85-135, 138-186, 208, 215-219, 227-243, 246-263, 283, 292, 302-304, 310, 316, 329-330
services/scout-job/scout.py                        432    378    12%   44, 69-71, 76, 135-195, 208-250, 255-276, 293-340, 350-889
services/scout-job/scout_cache.py                  211    166    21%   41-49, 53, 71-89, 96-104, 112, 116-117, 121-128, 132-133, 137-145, 149, 153-155, 159-160, 174-226, 233-275, 282-333, 352-369, 374-378, 383-386, 391-395, 411-442, 446-451, 455-458, 462-465, 469-482, 486, 505-506, 520-527
services/scout-job/scout_pipeline.py               306    137    55%   28, 100-103, 170-178, 201, 217, 235, 270, 272, 274, 276-277, 280, 284, 308-309, 367-368, 394, 397, 399, 404-406, 413, 421, 425, 427, 470-471, 520-521, 551-623, 640-685, 698-757
services/scout-job/scout_universe.py               175    158    10%   21-23, 111-114, 124-187, 195-210, 224-310, 317-387
services/scout_job_module.py                        17      0   100%
services/sell-executor/executor.py                 132     48    64%   73-75, 85, 89, 110-115, 119-120, 133, 135, 152, 154, 157-158, 177-178, 187-188, 212-238, 256-258, 283-298
shared/__init__.py                                   5      0   100%
shared/archivist.py                                 81     66    19%   19, 26-62, 65-86, 92-113, 116-129, 135-156, 159-171
shared/auth.py                                      80      0   100%
shared/config.py                                   167     30    82%   209-210, 251, 256-257, 267, 280, 294-297, 305-307, 336-340, 351, 362, 373, 378, 403, 412, 422-427
shared/database/__init__.py                          7      0   100%
shared/database/commands.py                         58     49    16%   22-45, 52-83, 91-119, 126-167
shared/database/core.py                             67      0   100%
shared/database/get_trade_logs_snippet.py           19     19     0%   2-47
shared/database/market.py                          176    154    12%   40-77, 85-122, 133-150, 161-187, 194-233, 254-282, 289-380, 392-428
shared/database/optimization.py                     34     27    21%   23-57, 64-76, 83-117
shared/database/rag.py                              35     20    43%   19-33, 47, 49-51, 64-75
shared/database/trading.py                         303    254    16%   33-125, 132-228, 235-277, 284-306, 318-354, 361-404, 465-470, 520-529, 533-535, 555-560, 568-582, 587-614, 621-638, 645-659, 666-688, 695-714, 727-782
shared/db/__init__.py                                4      0   100%
shared/db/connection.py                             94      0   100%
shared/db/factor_repository.py                     190     63    67%   94-97, 148-150, 176-178, 233-235, 284-286, 331, 335-337, 389-391, 463-466, 487-489, 536-545, 569-572, 597-599, 648-660, 687-690
shared/db/models.py                                452      1    99%   51
shared/db/repository.py                            247      4    98%   477-486
shared/factor_scoring.py                           193     91    53%   53-68, 77-86, 94-114, 121-123, 200-211, 218-220, 281-283, 306-324, 339-351, 359-382, 389-391, 460-462
shared/failure_reporter.py                          56      9    84%   56-57, 95-98, 124, 135, 146-147
shared/financial_data_collector.py                 259    246     5%   26, 41-79, 93-117, 134-316, 330-422, 437-465
shared/gemini.py                                    21      0   100%
shared/hybrid_scoring/__init__.py                    7      0   100%
shared/hybrid_scoring/competitor_analyzer.py       183    109    40%   140-141, 154-223, 235-258, 277-307, 319-342, 348-355, 373-381, 402-441, 453-514, 519-551, 566-569, 592-605
shared/hybrid_scoring/factor_analyzer.py          1045    894    14%   129-130, 147-159, 173-214, 233-243, 251, 258-260, 285, 304-316, 319-320, 325-327, 353-376, 380, 402-429, 456-458, 462-464, 468-470, 487-489, 517-518, 524-538, 559-633, 654-688, 704-710, 719-764, 772-822, 838-884, 898-928, 939-967, 978-1006, 1020-1136, 1148-1219, 1225-1255, 1272-1289, 1298-1342, 1356-1458, 1463-1501, 1506-1541, 1545-1589, 1593-1631, 1635-1674, 1686-1798, 1823-2055, 2059-2075, 2105-2237, 2258-2259
shared/hybrid_scoring/factor_constants.py            7      0   100%
shared/hybrid_scoring/hybrid_scorer.py             185     26    86%   173-175, 197-200, 249-268, 277, 357, 363-364, 400, 459-460, 563-566
shared/hybrid_scoring/quant_constants.py            14      0   100%
shared/hybrid_scoring/quant_scorer.py              699    581    17%   141, 145, 220-243, 254-306, 312-357, 366-389, 405-439, 455-550, 565-626, 638-673, 695-828, 832-842, 866-906, 930-995, 1015-1113, 1150-1427, 1462-1502, 1511-1583, 1591-1627, 1645, 1672, 1687
shared/hybrid_scoring/schema.py                     96     37    61%   388-415, 435-445, 453-455
shared/incident_schema.py                           41      0   100%
shared/kis/__init__.py                               1      0   100%
shared/kis/auth.py                                 114     92    19%   22, 31-39, 49-58, 62-85, 91-172, 176-179
shared/kis/client.py                                42     20    52%   32-52, 56-65, 69
shared/kis/gateway_client.py                       119    101    15%   29-42, 46-69, 83-116, 129-140, 150-161, 175-189, 203-217, 230-247, 256-264, 273-281, 285, 289
shared/kis/market_data.py                          207    193     7%   15, 19-69, 74-106, 110-153, 157-170, 184-293, 309-351, 366-367, 382-468
shared/kis/request.py                               83     77     7%   18-124
shared/kis/trading.py                              217    201     7%   16, 20-50, 54, 58, 70-207, 224-277, 283-330, 339-396, 406-450, 456-492
shared/kis/websocket.py                            222    206     7%   18-33, 39-86, 92-179, 183-211, 215-216, 220-232, 235, 241-326
shared/llm.py                                      223     52    77%   59-63, 92, 132-134, 146, 214-232, 252, 264-266, 277, 290-306, 328, 367-369, 456-459, 508
shared/llm_constants.py                              7      0   100%
shared/llm_factory.py                               71      0   100%
shared/llm_prompts.py                              147      0   100%
shared/llm_providers.py                            479    272    43%   33, 99, 107, 122-139, 170-212, 221, 236-246, 279, 286, 289-294, 309-314, 320-338, 350-353, 360-366, 397, 405, 412, 415-420, 434-454, 458-464, 488, 542-550, 568-634, 643-670, 688-691, 701, 714, 743-747, 758-801, 808-822, 826, 839, 856, 858-866, 877-916
shared/market_regime.py                            127     79    38%   73, 76-210
shared/news_classifier.py                          103      4    96%   290-291, 329, 415
shared/notification.py                              99      0   100%
shared/portfolio_diversification.py                 38      0   100%
shared/position_sizing.py                           71      0   100%
shared/rabbitmq.py                                 162    162     0%   42-307
shared/redis_cache.py                              367      3    99%   70, 94-95
shared/scheduler_client.py                          21     21     0%   1-35
shared/scheduler_runtime.py                         38     38     0%   1-88
shared/secret_manager.py                            48      0   100%
shared/sector_classifier.py                         42      0   100%
shared/settings/registry.py                          3      0   100%
shared/strategies/__init__.py                        4      4     0%   13-45
shared/strategies/competitor_backtest.py           229    229     0%   26-587
shared/strategies/pair_trading.py                  153    153     0%   39-468
shared/strategy.py                                 235    135    43%   22-24, 77-82, 100-103, 117-121, 151-179, 193-207, 221-239, 252-270, 280-287, 305-321, 337-359, 374-390, 407-409, 422-424
shared/strategy_presets.py                          52     12    77%   76-77, 82-84, 95-96, 102, 109, 127-128, 138
shared/utils.py                                    167     17    90%   25-26, 128-136, 199-200, 257-258, 345-351
shared/version.py                                    5      5     0%   5-11
------------------------------------------------------------------------------
TOTAL                                            11484   6540    43%
