{"meta": {"format": 3, "version": "7.13.0", "timestamp": "2025-12-26T11:57:13.045226", "branch_coverage": false, "show_contexts": false}, "files": {"shared/__init__.py": {"executed_lines": [7, 8, 14, 24, 25], "summary": {"covered_lines": 5, "num_statements": 5, "percent_covered": 100.0, "percent_covered_display": "100", "missing_lines": 0, "excluded_lines": 0, "percent_statements_covered": 100.0, "percent_statements_covered_display": "100"}, "missing_lines": [], "excluded_lines": [], "functions": {"": {"executed_lines": [7, 8, 14, 24, 25], "summary": {"covered_lines": 5, "num_statements": 5, "percent_covered": 100.0, "percent_covered_display": "100", "missing_lines": 0, "excluded_lines": 0, "percent_statements_covered": 100.0, "percent_statements_covered_display": "100"}, "missing_lines": [], "excluded_lines": []}}, "classes": {"": {"executed_lines": [7, 8, 14, 24, 25], "summary": {"covered_lines": 5, "num_statements": 5, "percent_covered": 100.0, "percent_covered_display": "100", "missing_lines": 0, "excluded_lines": 0, "percent_statements_covered": 100.0, "percent_statements_covered_display": "100"}, "missing_lines": [], "excluded_lines": []}}}, "shared/archivist.py": {"executed_lines": [], "summary": {"covered_lines": 0, "num_statements": 81, "percent_covered": 0.0, "percent_covered_display": "0", "missing_lines": 81, "excluded_lines": 0, "percent_statements_covered": 0.0, "percent_statements_covered_display": "0"}, "missing_lines": [2, 3, 4, 5, 6, 8, 10, 12, 18, 19, 21, 26, 30, 39, 40, 43, 46, 47, 48, 51, 52, 53, 54, 55, 56, 57, 59, 61, 62, 64, 65, 82, 85, 86, 88, 92, 93, 94, 95, 97, 99, 100, 101, 103, 104, 105, 106, 107, 108, 109, 111, 112, 113, 115, 116, 127, 128, 129, 131, 135, 136, 137, 138, 140, 142, 143, 144, 146, 147, 148, 149, 150, 151, 152, 154, 155, 156, 158, 159, 170, 171], "excluded_lines": [], "functions": {"Archivist.__init__": {"executed_lines": [], "summary": {"covered_lines": 0, "num_statements": 1, "percent_covered": 0.0, "percent_covered_display": "0", "missing_lines": 1, "excluded_lines": 0, "percent_statements_covered": 0.0, "percent_statements_covered_display": "0"}, "missing_lines": [19], "excluded_lines": []}, "Archivist.log_decision_ledger": {"executed_lines": [], "summary": {"covered_lines": 0, "num_statements": 18, "percent_covered": 0.0, "percent_covered_display": "0", "missing_lines": 18, "excluded_lines": 0, "percent_statements_covered": 0.0, "percent_statements_covered_display": "0"}, "missing_lines": [26, 30, 39, 40, 43, 46, 47, 48, 51, 52, 53, 54, 55, 56, 57, 59, 61, 62], "excluded_lines": []}, "Archivist._insert_decision": {"executed_lines": [], "summary": {"covered_lines": 0, "num_statements": 4, "percent_covered": 0.0, "percent_covered_display": "0", "missing_lines": 4, "excluded_lines": 0, "percent_statements_covered": 0.0, "percent_statements_covered_display": "0"}, "missing_lines": [65, 82, 85, 86], "excluded_lines": []}, "Archivist.log_shadow_radar": {"executed_lines": [], "summary": {"covered_lines": 0, "num_statements": 18, "percent_covered": 0.0, "percent_covered_display": "0", "missing_lines": 18, "excluded_lines": 0, "percent_statements_covered": 0.0, "percent_statements_covered_display": "0"}, "missing_lines": [92, 93, 94, 95, 97, 99, 100, 101, 103, 104, 105, 106, 107, 108, 109, 111, 112, 113], "excluded_lines": []}, "Archivist._insert_shadow": {"executed_lines": [], "summary": {"covered_lines": 0, "num_statements": 4, "percent_covered": 0.0, "percent_covered_display": "0", "missing_lines": 4, "excluded_lines": 0, "percent_statements_covered": 0.0, "percent_statements_covered_display": "0"}, "missing_lines": [116, 127, 128, 129], "excluded_lines": []}, "Archivist.log_market_flow_snapshot": {"executed_lines": [], "summary": {"covered_lines": 0, "num_statements": 18, "percent_covered": 0.0, "percent_covered_display": "0", "missing_lines": 18, "excluded_lines": 0, "percent_statements_covered": 0.0, "percent_statements_covered_display": "0"}, "missing_lines": [135, 136, 137, 138, 140, 142, 143, 144, 146, 147, 148, 149, 150, 151, 152, 154, 155, 156], "excluded_lines": []}, "Archivist._insert_flow": {"executed_lines": [], "summary": {"covered_lines": 0, "num_statements": 3, "percent_covered": 0.0, "percent_covered_display": "0", "missing_lines": 3, "excluded_lines": 0, "percent_statements_covered": 0.0, "percent_statements_covered_display": "0"}, "missing_lines": [159, 170, 171], "excluded_lines": []}, "": {"executed_lines": [], "summary": {"covered_lines": 0, "num_statements": 15, "percent_covered": 0.0, "percent_covered_display": "0", "missing_lines": 15, "excluded_lines": 0, "percent_statements_covered": 0.0, "percent_statements_covered_display": "0"}, "missing_lines": [2, 3, 4, 5, 6, 8, 10, 12, 18, 21, 64, 88, 115, 131, 158], "excluded_lines": []}}, "classes": {"Archivist": {"executed_lines": [], "summary": {"covered_lines": 0, "num_statements": 66, "percent_covered": 0.0, "percent_covered_display": "0", "missing_lines": 66, "excluded_lines": 0, "percent_statements_covered": 0.0, "percent_statements_covered_display": "0"}, "missing_lines": [19, 26, 30, 39, 40, 43, 46, 47, 48, 51, 52, 53, 54, 55, 56, 57, 59, 61, 62, 65, 82, 85, 86, 92, 93, 94, 95, 97, 99, 100, 101, 103, 104, 105, 106, 107, 108, 109, 111, 112, 113, 116, 127, 128, 129, 135, 136, 137, 138, 140, 142, 143, 144, 146, 147, 148, 149, 150, 151, 152, 154, 155, 156, 159, 170, 171], "excluded_lines": []}, "": {"executed_lines": [], "summary": {"covered_lines": 0, "num_statements": 15, "percent_covered": 0.0, "percent_covered_display": "0", "missing_lines": 15, "excluded_lines": 0, "percent_statements_covered": 0.0, "percent_statements_covered_display": "0"}, "missing_lines": [2, 3, 4, 5, 6, 8, 10, 12, 18, 21, 64, 88, 115, 131, 158], "excluded_lines": []}}}, "shared/auth.py": {"executed_lines": [1, 40, 41, 42, 43, 46, 49, 50, 53, 59, 60, 66, 67, 68, 71, 72, 74, 75, 77, 78, 79, 80, 82, 83, 84, 85, 86, 87, 88, 89, 90, 91, 93, 95, 108, 109, 110, 112, 115, 116, 117, 118, 119, 122, 125, 126, 127, 128, 129, 130, 131, 134, 135, 136, 137, 138, 139, 140, 141, 145, 153, 154, 155, 156, 157, 158, 159, 160, 161, 164, 165, 166, 167, 168, 169, 171, 172, 174, 177, 178, 179], "summary": {"covered_lines": 80, "num_statements": 80, "percent_covered": 100.0, "percent_covered_display": "100", "missing_lines": 0, "excluded_lines": 0, "percent_statements_covered": 100.0, "percent_statements_covered_display": "100"}, "missing_lines": [], "excluded_lines": [], "functions": {"_load_local_secrets": {"executed_lines": [59, 60, 66, 67, 68, 71, 72, 74, 75, 77, 78, 79, 80, 82, 83, 84, 85, 86, 87, 88, 89, 90, 91, 93], "summary": {"covered_lines": 24, "num_statements": 24, "percent_covered": 100.0, "percent_covered_display": "100", "missing_lines": 0, "excluded_lines": 0, "percent_statements_covered": 100.0, "percent_statements_covered_display": "100"}, "missing_lines": [], "excluded_lines": []}, "get_secret": {"executed_lines": [108, 109, 110, 112, 115, 116, 117, 118, 119, 122, 125, 126, 127, 128, 129, 130, 131, 134, 135, 136, 137, 138, 139, 140, 141, 145, 153, 154, 155, 156, 157, 158, 159, 160, 161, 164, 165, 166, 167, 168, 169, 171, 172], "summary": {"covered_lines": 43, "num_statements": 43, "percent_covered": 100.0, "percent_covered_display": "100", "missing_lines": 0, "excluded_lines": 0, "percent_statements_covered": 100.0, "percent_statements_covered_display": "100"}, "missing_lines": [], "excluded_lines": []}, "clear_secret_cache": {"executed_lines": [177, 178, 179], "summary": {"covered_lines": 3, "num_statements": 3, "percent_covered": 100.0, "percent_covered_display": "100", "missing_lines": 0, "excluded_lines": 0, "percent_statements_covered": 100.0, "percent_statements_covered_display": "100"}, "missing_lines": [], "excluded_lines": []}, "": {"executed_lines": [1, 40, 41, 42, 43, 46, 49, 50, 53, 95, 174], "summary": {"covered_lines": 10, "num_statements": 10, "percent_covered": 100.0, "percent_covered_display": "100", "missing_lines": 0, "excluded_lines": 0, "percent_statements_covered": 100.0, "percent_statements_covered_display": "100"}, "missing_lines": [], "excluded_lines": []}}, "classes": {"": {"executed_lines": [1, 40, 41, 42, 43, 46, 49, 50, 53, 59, 60, 66, 67, 68, 71, 72, 74, 75, 77, 78, 79, 80, 82, 83, 84, 85, 86, 87, 88, 89, 90, 91, 93, 95, 108, 109, 110, 112, 115, 116, 117, 118, 119, 122, 125, 126, 127, 128, 129, 130, 131, 134, 135, 136, 137, 138, 139, 140, 141, 145, 153, 154, 155, 156, 157, 158, 159, 160, 161, 164, 165, 166, 167, 168, 169, 171, 172, 174, 177, 178, 179], "summary": {"covered_lines": 80, "num_statements": 80, "percent_covered": 100.0, "percent_covered_display": "100", "missing_lines": 0, "excluded_lines": 0, "percent_statements_covered": 100.0, "percent_statements_covered_display": "100"}, "missing_lines": [], "excluded_lines": []}}}, "shared/config.py": {"executed_lines": [2, 41, 42, 43, 44, 46, 47, 49, 52, 53, 68, 79, 80, 81, 82, 87, 201, 202, 204, 205, 206, 207, 208, 212, 230, 231, 234, 235, 236, 237, 238, 241, 242, 243, 244, 245, 248, 249, 250, 254, 255, 260, 261, 262, 263, 265, 266, 270, 271, 272, 274, 275, 277, 278, 283, 284, 286, 287, 289, 291, 293, 300, 301, 302, 303, 310, 312, 324, 325, 328, 329, 332, 333, 334, 335, 336, 338, 339, 340, 345, 347, 349, 350, 352, 353, 354, 355, 356, 358, 360, 361, 363, 364, 365, 366, 367, 369, 371, 372, 374, 375, 376, 377, 380, 387, 388, 389, 390, 392, 393, 394, 396, 402, 406, 407, 409, 410, 414, 415, 416, 417, 418, 419, 420, 421, 429, 431, 438, 441, 442, 444, 448, 451, 466, 467, 468, 471, 474], "summary": {"covered_lines": 136, "num_statements": 167, "percent_covered": 81.437125748503, "percent_covered_display": "81", "missing_lines": 31, "excluded_lines": 0, "percent_statements_covered": 81.437125748503, "percent_statements_covered_display": "81"}, "missing_lines": [209, 210, 251, 256, 257, 267, 280, 294, 295, 296, 297, 305, 306, 307, 308, 309, 341, 342, 343, 351, 362, 373, 378, 403, 412, 422, 423, 424, 425, 426, 427], "excluded_lines": [], "functions": {"ConfigManager.__init__": {"executed_lines": [79, 80, 81, 82, 87, 201, 202, 204, 205, 206, 207, 208], "summary": {"covered_lines": 12, "num_statements": 14, "percent_covered": 85.71428571428571, "percent_covered_display": "86", "missing_lines": 2, "excluded_lines": 0, "percent_statements_covered": 85.71428571428571, "percent_statements_covered_display": "86"}, "missing_lines": [209, 210], "excluded_lines": []}, "ConfigManager.get": {"executed_lines": [230, 231, 234, 235, 236, 237, 238, 241, 242, 243, 244, 245, 248, 249, 250, 254, 255, 260, 261, 262, 263, 265, 266, 270, 271, 272, 274, 275, 277, 278, 283, 284, 286, 287], "summary": {"covered_lines": 34, "num_statements": 39, "percent_covered": 87.17948717948718, "percent_covered_display": "87", "missing_lines": 5, "excluded_lines": 0, "percent_statements_covered": 87.17948717948718, "percent_statements_covered_display": "87"}, "missing_lines": [251, 256, 257, 267, 280], "excluded_lines": []}, "ConfigManager._get_from_db": {"executed_lines": [291, 293, 300, 301, 302, 303, 310], "summary": {"covered_lines": 7, "num_statements": 16, "percent_covered": 43.75, "percent_covered_display": "44", "missing_lines": 9, "excluded_lines": 0, "percent_statements_covered": 43.75, "percent_statements_covered_display": "44"}, "missing_lines": [294, 295, 296, 297, 305, 306, 307, 308, 309], "excluded_lines": []}, "ConfigManager.set": {"executed_lines": [324, 325, 328, 329, 332, 333, 334, 335, 336, 338, 339, 340, 345], "summary": {"covered_lines": 13, "num_statements": 16, "percent_covered": 81.25, "percent_covered_display": "81", "missing_lines": 3, "excluded_lines": 0, "percent_statements_covered": 81.25, "percent_statements_covered_display": "81"}, "missing_lines": [341, 342, 343], "excluded_lines": []}, "ConfigManager.get_int": {"executed_lines": [349, 350, 352, 353, 354, 355, 356], "summary": {"covered_lines": 7, "num_statements": 8, "percent_covered": 87.5, "percent_covered_display": "88", "missing_lines": 1, "excluded_lines": 0, "percent_statements_covered": 87.5, "percent_statements_covered_display": "88"}, "missing_lines": [351], "excluded_lines": []}, "ConfigManager.get_float": {"executed_lines": [360, 361, 363, 364, 365, 366, 367], "summary": {"covered_lines": 7, "num_statements": 8, "percent_covered": 87.5, "percent_covered_display": "88", "missing_lines": 1, "excluded_lines": 0, "percent_statements_covered": 87.5, "percent_statements_covered_display": "88"}, "missing_lines": [362], "excluded_lines": []}, "ConfigManager.get_bool": {"executed_lines": [371, 372, 374, 375, 376, 377], "summary": {"covered_lines": 6, "num_statements": 8, "percent_covered": 75.0, "percent_covered_display": "75", "missing_lines": 2, "excluded_lines": 0, "percent_statements_covered": 75.0, "percent_statements_covered_display": "75"}, "missing_lines": [373, 378], "excluded_lines": []}, "ConfigManager.clear_cache": {"executed_lines": [387, 388, 389, 390, 392, 393, 394], "summary": {"covered_lines": 7, "num_statements": 7, "percent_covered": 100.0, "percent_covered_display": "100", "missing_lines": 0, "excluded_lines": 0, "percent_statements_covered": 100.0, "percent_statements_covered_display": "100"}, "missing_lines": [], "excluded_lines": []}, "ConfigManager._convert_type": {"executed_lines": [402, 406, 407, 409, 410, 414, 415, 416, 417, 418, 419, 420, 421, 429], "summary": {"covered_lines": 14, "num_statements": 22, "percent_covered": 63.63636363636363, "percent_covered_display": "64", "missing_lines": 8, "excluded_lines": 0, "percent_statements_covered": 63.63636363636363, "percent_statements_covered_display": "64"}, "missing_lines": [403, 412, 422, 423, 424, 425, 426, 427], "excluded_lines": []}, "ConfigManager.get_all": {"executed_lines": [438, 441, 442, 444], "summary": {"covered_lines": 4, "num_statements": 4, "percent_covered": 100.0, "percent_covered_display": "100", "missing_lines": 0, "excluded_lines": 0, "percent_statements_covered": 100.0, "percent_statements_covered_display": "100"}, "missing_lines": [], "excluded_lines": []}, "get_global_config": {"executed_lines": [466, 467, 468], "summary": {"covered_lines": 3, "num_statements": 3, "percent_covered": 100.0, "percent_covered_display": "100", "missing_lines": 0, "excluded_lines": 0, "percent_statements_covered": 100.0, "percent_statements_covered_display": "100"}, "missing_lines": [], "excluded_lines": []}, "reset_global_config": {"executed_lines": [474], "summary": {"covered_lines": 1, "num_statements": 1, "percent_covered": 100.0, "percent_covered_display": "100", "missing_lines": 0, "excluded_lines": 0, "percent_statements_covered": 100.0, "percent_statements_covered_display": "100"}, "missing_lines": [], "excluded_lines": []}, "": {"executed_lines": [2, 41, 42, 43, 44, 46, 47, 49, 52, 53, 68, 212, 289, 312, 347, 358, 369, 380, 396, 431, 448, 451, 471], "summary": {"covered_lines": 21, "num_statements": 21, "percent_covered": 100.0, "percent_covered_display": "100", "missing_lines": 0, "excluded_lines": 0, "percent_statements_covered": 100.0, "percent_statements_covered_display": "100"}, "missing_lines": [], "excluded_lines": []}}, "classes": {"ConfigManager": {"executed_lines": [79, 80, 81, 82, 87, 201, 202, 204, 205, 206, 207, 208, 230, 231, 234, 235, 236, 237, 238, 241, 242, 243, 244, 245, 248, 249, 250, 254, 255, 260, 261, 262, 263, 265, 266, 270, 271, 272, 274, 275, 277, 278, 283, 284, 286, 287, 291, 293, 300, 301, 302, 303, 310, 324, 325, 328, 329, 332, 333, 334, 335, 336, 338, 339, 340, 345, 349, 350, 352, 353, 354, 355, 356, 360, 361, 363, 364, 365, 366, 367, 371, 372, 374, 375, 376, 377, 387, 388, 389, 390, 392, 393, 394, 402, 406, 407, 409, 410, 414, 415, 416, 417, 418, 419, 420, 421, 429, 438, 441, 442, 444], "summary": {"covered_lines": 111, "num_statements": 142, "percent_covered": 78.16901408450704, "percent_covered_display": "78", "missing_lines": 31, "excluded_lines": 0, "percent_statements_covered": 78.16901408450704, "percent_statements_covered_display": "78"}, "missing_lines": [209, 210, 251, 256, 257, 267, 280, 294, 295, 296, 297, 305, 306, 307, 308, 309, 341, 342, 343, 351, 362, 373, 378, 403, 412, 422, 423, 424, 425, 426, 427], "excluded_lines": []}, "": {"executed_lines": [2, 41, 42, 43, 44, 46, 47, 49, 52, 53, 68, 212, 289, 312, 347, 358, 369, 380, 396, 431, 448, 451, 466, 467, 468, 471, 474], "summary": {"covered_lines": 25, "num_statements": 25, "percent_covered": 100.0, "percent_covered_display": "100", "missing_lines": 0, "excluded_lines": 0, "percent_statements_covered": 100.0, "percent_statements_covered_display": "100"}, "missing_lines": [], "excluded_lines": []}}}, "shared/database/__init__.py": {"executed_lines": [1, 20, 37, 51, 62, 79, 85, 92], "summary": {"covered_lines": 7, "num_statements": 7, "percent_covered": 100.0, "percent_covered_display": "100", "missing_lines": 0, "excluded_lines": 0, "percent_statements_covered": 100.0, "percent_statements_covered_display": "100"}, "missing_lines": [], "excluded_lines": [], "functions": {"": {"executed_lines": [1, 20, 37, 51, 62, 79, 85, 92], "summary": {"covered_lines": 7, "num_statements": 7, "percent_covered": 100.0, "percent_covered_display": "100", "missing_lines": 0, "excluded_lines": 0, "percent_statements_covered": 100.0, "percent_statements_covered_display": "100"}, "missing_lines": [], "excluded_lines": []}}, "classes": {"": {"executed_lines": [1, 20, 37, 51, 62, 79, 85, 92], "summary": {"covered_lines": 7, "num_statements": 7, "percent_covered": 100.0, "percent_covered_display": "100", "missing_lines": 0, "excluded_lines": 0, "percent_statements_covered": 100.0, "percent_statements_covered_display": "100"}, "missing_lines": [], "excluded_lines": []}}}, "shared/database/commands.py": {"executed_lines": [1, 9, 10, 11, 12, 14, 17, 48, 86, 122], "summary": {"covered_lines": 9, "num_statements": 58, "percent_covered": 15.517241379310345, "percent_covered_display": "16", "missing_lines": 49, "excluded_lines": 0, "percent_statements_covered": 15.517241379310345, "percent_statements_covered_display": "16"}, "missing_lines": [22, 23, 24, 26, 37, 38, 39, 40, 42, 43, 44, 45, 52, 53, 55, 63, 65, 66, 67, 77, 78, 79, 81, 82, 83, 91, 92, 94, 95, 101, 113, 114, 116, 117, 118, 119, 126, 127, 129, 130, 139, 147, 149, 150, 151, 163, 165, 166, 167], "excluded_lines": [], "functions": {"create_agent_command": {"executed_lines": [], "summary": {"covered_lines": 0, "num_statements": 12, "percent_covered": 0.0, "percent_covered_display": "0", "missing_lines": 12, "excluded_lines": 0, "percent_statements_covered": 0.0, "percent_statements_covered_display": "0"}, "missing_lines": [22, 23, 24, 26, 37, 38, 39, 40, 42, 43, 44, 45], "excluded_lines": []}, "get_pending_agent_commands": {"executed_lines": [], "summary": {"covered_lines": 0, "num_statements": 13, "percent_covered": 0.0, "percent_covered_display": "0", "missing_lines": 13, "excluded_lines": 0, "percent_statements_covered": 0.0, "percent_statements_covered_display": "0"}, "missing_lines": [52, 53, 55, 63, 65, 66, 67, 77, 78, 79, 81, 82, 83], "excluded_lines": []}, "update_agent_command_status": {"executed_lines": [], "summary": {"covered_lines": 0, "num_statements": 11, "percent_covered": 0.0, "percent_covered_display": "0", "missing_lines": 11, "excluded_lines": 0, "percent_statements_covered": 0.0, "percent_statements_covered_display": "0"}, "missing_lines": [91, 92, 94, 95, 101, 113, 114, 116, 117, 118, 119], "excluded_lines": []}, "get_recent_agent_commands": {"executed_lines": [], "summary": {"covered_lines": 0, "num_statements": 13, "percent_covered": 0.0, "percent_covered_display": "0", "missing_lines": 13, "excluded_lines": 0, "percent_statements_covered": 0.0, "percent_statements_covered_display": "0"}, "missing_lines": [126, 127, 129, 130, 139, 147, 149, 150, 151, 163, 165, 166, 167], "excluded_lines": []}, "": {"executed_lines": [1, 9, 10, 11, 12, 14, 17, 48, 86, 122], "summary": {"covered_lines": 9, "num_statements": 9, "percent_covered": 100.0, "percent_covered_display": "100", "missing_lines": 0, "excluded_lines": 0, "percent_statements_covered": 100.0, "percent_statements_covered_display": "100"}, "missing_lines": [], "excluded_lines": []}}, "classes": {"": {"executed_lines": [1, 9, 10, 11, 12, 14, 17, 48, 86, 122], "summary": {"covered_lines": 9, "num_statements": 58, "percent_covered": 15.517241379310345, "percent_covered_display": "16", "missing_lines": 49, "excluded_lines": 0, "percent_statements_covered": 15.517241379310345, "percent_statements_covered_display": "16"}, "missing_lines": [22, 23, 24, 26, 37, 38, 39, 40, 42, 43, 44, 45, 52, 53, 55, 63, 65, 66, 67, 77, 78, 79, 81, 82, 83, 91, 92, 94, 95, 101, 113, 114, 116, 117, 118, 119, 126, 127, 129, 130, 139, 147, 149, 150, 151, 163, 165, 166, 167], "excluded_lines": []}}}, "shared/database/core.py": {"executed_lines": [1, 8, 9, 10, 12, 13, 14, 16, 22, 27, 32, 46, 53, 56, 84, 94, 108, 120, 132, 133, 135, 136, 137, 140, 162, 174, 175, 177, 178, 179], "summary": {"covered_lines": 29, "num_statements": 67, "percent_covered": 43.28358208955224, "percent_covered_display": "43", "missing_lines": 38, "excluded_lines": 0, "percent_statements_covered": 43.28358208955224, "percent_statements_covered_display": "43"}, "missing_lines": [24, 29, 37, 38, 39, 40, 41, 42, 43, 47, 48, 49, 50, 68, 69, 71, 75, 80, 81, 89, 90, 91, 100, 101, 105, 113, 134, 150, 151, 152, 153, 154, 155, 156, 157, 158, 159, 176], "excluded_lines": [], "functions": {"_is_mariadb": {"executed_lines": [], "summary": {"covered_lines": 0, "num_statements": 1, "percent_covered": 0.0, "percent_covered_display": "0", "missing_lines": 1, "excluded_lines": 0, "percent_statements_covered": 0.0, "percent_statements_covered_display": "0"}, "missing_lines": [24], "excluded_lines": []}, "_get_param_placeholder": {"executed_lines": [], "summary": {"covered_lines": 0, "num_statements": 1, "percent_covered": 0.0, "percent_covered_display": "0", "missing_lines": 1, "excluded_lines": 0, "percent_statements_covered": 0.0, "percent_statements_covered_display": "0"}, "missing_lines": [29], "excluded_lines": []}, "_get_table_name": {"executed_lines": [], "summary": {"covered_lines": 0, "num_statements": 7, "percent_covered": 0.0, "percent_covered_display": "0", "missing_lines": 7, "excluded_lines": 0, "percent_statements_covered": 0.0, "percent_statements_covered_display": "0"}, "missing_lines": [37, 38, 39, 40, 41, 42, 43], "excluded_lines": []}, "_is_sqlalchemy_ready": {"executed_lines": [], "summary": {"covered_lines": 0, "num_statements": 4, "percent_covered": 0.0, "percent_covered_display": "0", "missing_lines": 4, "excluded_lines": 0, "percent_statements_covered": 0.0, "percent_statements_covered_display": "0"}, "missing_lines": [47, 48, 49, 50], "excluded_lines": []}, "init_connection_pool": {"executed_lines": [], "summary": {"covered_lines": 0, "num_statements": 6, "percent_covered": 0.0, "percent_covered_display": "0", "missing_lines": 6, "excluded_lines": 0, "percent_statements_covered": 0.0, "percent_statements_covered_display": "0"}, "missing_lines": [68, 69, 71, 75, 80, 81], "excluded_lines": []}, "close_pool": {"executed_lines": [], "summary": {"covered_lines": 0, "num_statements": 3, "percent_covered": 0.0, "percent_covered_display": "0", "missing_lines": 3, "excluded_lines": 0, "percent_statements_covered": 0.0, "percent_statements_covered_display": "0"}, "missing_lines": [89, 90, 91], "excluded_lines": []}, "get_db_connection": {"executed_lines": [], "summary": {"covered_lines": 0, "num_statements": 3, "percent_covered": 0.0, "percent_covered_display": "0", "missing_lines": 3, "excluded_lines": 0, "percent_statements_covered": 0.0, "percent_statements_covered_display": "0"}, "missing_lines": [100, 101, 105], "excluded_lines": []}, "is_pool_initialized": {"executed_lines": [], "summary": {"covered_lines": 0, "num_statements": 1, "percent_covered": 0.0, "percent_covered_display": "0", "missing_lines": 1, "excluded_lines": 0, "percent_statements_covered": 0.0, "percent_statements_covered_display": "0"}, "missing_lines": [113], "excluded_lines": []}, "get_config": {"executed_lines": [132, 133, 135, 136, 137], "summary": {"covered_lines": 5, "num_statements": 6, "percent_covered": 83.33333333333333, "percent_covered_display": "83", "missing_lines": 1, "excluded_lines": 0, "percent_statements_covered": 83.33333333333333, "percent_statements_covered_display": "83"}, "missing_lines": [134], "excluded_lines": []}, "get_all_config": {"executed_lines": [], "summary": {"covered_lines": 0, "num_statements": 10, "percent_covered": 0.0, "percent_covered_display": "0", "missing_lines": 10, "excluded_lines": 0, "percent_statements_covered": 0.0, "percent_statements_covered_display": "0"}, "missing_lines": [150, 151, 152, 153, 154, 155, 156, 157, 158, 159], "excluded_lines": []}, "set_config": {"executed_lines": [174, 175, 177, 178, 179], "summary": {"covered_lines": 5, "num_statements": 6, "percent_covered": 83.33333333333333, "percent_covered_display": "83", "missing_lines": 1, "excluded_lines": 0, "percent_statements_covered": 83.33333333333333, "percent_statements_covered_display": "83"}, "missing_lines": [176], "excluded_lines": []}, "": {"executed_lines": [1, 8, 9, 10, 12, 13, 14, 16, 22, 27, 32, 46, 53, 56, 84, 94, 108, 120, 140, 162], "summary": {"covered_lines": 19, "num_statements": 19, "percent_covered": 100.0, "percent_covered_display": "100", "missing_lines": 0, "excluded_lines": 0, "percent_statements_covered": 100.0, "percent_statements_covered_display": "100"}, "missing_lines": [], "excluded_lines": []}}, "classes": {"": {"executed_lines": [1, 8, 9, 10, 12, 13, 14, 16, 22, 27, 32, 46, 53, 56, 84, 94, 108, 120, 132, 133, 135, 136, 137, 140, 162, 174, 175, 177, 178, 179], "summary": {"covered_lines": 29, "num_statements": 67, "percent_covered": 43.28358208955224, "percent_covered_display": "43", "missing_lines": 38, "excluded_lines": 0, "percent_statements_covered": 43.28358208955224, "percent_statements_covered_display": "43"}, "missing_lines": [24, 29, 37, 38, 39, 40, 41, 42, 43, 47, 48, 49, 50, 68, 69, 71, 75, 80, 81, 89, 90, 91, 100, 101, 105, 113, 134, 150, 151, 152, 153, 154, 155, 156, 157, 158, 159, 176], "excluded_lines": []}}}, "shared/database/get_trade_logs_snippet.py": {"executed_lines": [], "summary": {"covered_lines": 0, "num_statements": 19, "percent_covered": 0.0, "percent_covered_display": "0", "missing_lines": 19, "excluded_lines": 0, "percent_statements_covered": 0.0, "percent_statements_covered_display": "0"}, "missing_lines": [2, 8, 9, 11, 12, 13, 15, 17, 18, 20, 30, 31, 32, 33, 35, 43, 45, 46, 47], "excluded_lines": [], "functions": {"get_trade_logs": {"executed_lines": [], "summary": {"covered_lines": 0, "num_statements": 18, "percent_covered": 0.0, "percent_covered_display": "0", "missing_lines": 18, "excluded_lines": 0, "percent_statements_covered": 0.0, "percent_statements_covered_display": "0"}, "missing_lines": [8, 9, 11, 12, 13, 15, 17, 18, 20, 30, 31, 32, 33, 35, 43, 45, 46, 47], "excluded_lines": []}, "": {"executed_lines": [], "summary": {"covered_lines": 0, "num_statements": 1, "percent_covered": 0.0, "percent_covered_display": "0", "missing_lines": 1, "excluded_lines": 0, "percent_statements_covered": 0.0, "percent_statements_covered_display": "0"}, "missing_lines": [2], "excluded_lines": []}}, "classes": {"": {"executed_lines": [], "summary": {"covered_lines": 0, "num_statements": 19, "percent_covered": 0.0, "percent_covered_display": "0", "missing_lines": 19, "excluded_lines": 0, "percent_statements_covered": 0.0, "percent_statements_covered_display": "0"}, "missing_lines": [2, 8, 9, 11, 12, 13, 15, 17, 18, 20, 30, 31, 32, 33, 35, 43, 45, 46, 47], "excluded_lines": []}}}, "shared/database/market.py": {"executed_lines": [1, 9, 10, 11, 13, 15, 17, 20, 39, 84, 129, 157, 190, 236, 285, 387], "summary": {"covered_lines": 15, "num_statements": 176, "percent_covered": 8.522727272727273, "percent_covered_display": "9", "missing_lines": 161, "excluded_lines": 0, "percent_statements_covered": 8.522727272727273, "percent_statements_covered_display": "9"}, "missing_lines": [40, 41, 44, 45, 51, 53, 54, 55, 62, 63, 69, 70, 72, 73, 75, 76, 77, 85, 86, 89, 90, 96, 98, 99, 100, 107, 108, 114, 115, 117, 118, 120, 121, 122, 133, 134, 137, 138, 139, 142, 143, 144, 145, 147, 148, 150, 161, 163, 164, 166, 167, 168, 183, 184, 185, 186, 187, 194, 196, 197, 199, 201, 203, 204, 205, 208, 209, 210, 212, 229, 230, 231, 232, 233, 237, 238, 241, 242, 249, 251, 252, 254, 257, 258, 261, 262, 269, 270, 272, 273, 275, 276, 278, 281, 282, 289, 290, 292, 293, 295, 298, 300, 301, 303, 309, 311, 312, 314, 315, 316, 317, 328, 329, 330, 331, 332, 333, 335, 338, 341, 342, 348, 349, 351, 352, 355, 356, 357, 358, 361, 362, 373, 374, 375, 376, 377, 378, 380, 392, 393, 394, 397, 398, 399, 400, 403, 404, 405, 406, 407, 408, 409, 410, 411, 412, 414, 422, 424, 426, 427, 428], "excluded_lines": [], "functions": {"get_stock_by_code": {"executed_lines": [], "summary": {"covered_lines": 0, "num_statements": 17, "percent_covered": 0.0, "percent_covered_display": "0", "missing_lines": 17, "excluded_lines": 0, "percent_statements_covered": 0.0, "percent_statements_covered_display": "0"}, "missing_lines": [40, 41, 44, 45, 51, 53, 54, 55, 62, 63, 69, 70, 72, 73, 75, 76, 77], "excluded_lines": []}, "search_stock_by_name": {"executed_lines": [], "summary": {"covered_lines": 0, "num_statements": 17, "percent_covered": 0.0, "percent_covered_display": "0", "missing_lines": 17, "excluded_lines": 0, "percent_statements_covered": 0.0, "percent_statements_covered_display": "0"}, "missing_lines": [85, 86, 89, 90, 96, 98, 99, 100, 107, 108, 114, 115, 117, 118, 120, 121, 122], "excluded_lines": []}, "get_all_stock_codes": {"executed_lines": [], "summary": {"covered_lines": 0, "num_statements": 12, "percent_covered": 0.0, "percent_covered_display": "0", "missing_lines": 12, "excluded_lines": 0, "percent_statements_covered": 0.0, "percent_statements_covered_display": "0"}, "missing_lines": [133, 134, 137, 138, 139, 142, 143, 144, 145, 147, 148, 150], "excluded_lines": []}, "save_all_daily_prices": {"executed_lines": [], "summary": {"covered_lines": 0, "num_statements": 11, "percent_covered": 0.0, "percent_covered_display": "0", "missing_lines": 11, "excluded_lines": 0, "percent_statements_covered": 0.0, "percent_statements_covered_display": "0"}, "missing_lines": [161, 163, 164, 166, 167, 168, 183, 184, 185, 186, 187], "excluded_lines": []}, "update_all_stock_fundamentals": {"executed_lines": [], "summary": {"covered_lines": 0, "num_statements": 17, "percent_covered": 0.0, "percent_covered_display": "0", "missing_lines": 17, "excluded_lines": 0, "percent_statements_covered": 0.0, "percent_statements_covered_display": "0"}, "missing_lines": [194, 196, 197, 199, 201, 203, 204, 205, 208, 209, 210, 212, 229, 230, 231, 232, 233], "excluded_lines": []}, "get_daily_prices": {"executed_lines": [], "summary": {"covered_lines": 0, "num_statements": 21, "percent_covered": 0.0, "percent_covered_display": "0", "missing_lines": 21, "excluded_lines": 0, "percent_statements_covered": 0.0, "percent_statements_covered_display": "0"}, "missing_lines": [237, 238, 241, 242, 249, 251, 252, 254, 257, 258, 261, 262, 269, 270, 272, 273, 275, 276, 278, 281, 282], "excluded_lines": []}, "get_daily_prices_batch": {"executed_lines": [], "summary": {"covered_lines": 0, "num_statements": 43, "percent_covered": 0.0, "percent_covered_display": "0", "missing_lines": 43, "excluded_lines": 0, "percent_statements_covered": 0.0, "percent_statements_covered_display": "0"}, "missing_lines": [289, 290, 292, 293, 295, 298, 300, 301, 303, 309, 311, 312, 314, 315, 316, 317, 328, 329, 330, 331, 332, 333, 335, 338, 341, 342, 348, 349, 351, 352, 355, 356, 357, 358, 361, 362, 373, 374, 375, 376, 377, 378, 380], "excluded_lines": []}, "save_news_sentiment": {"executed_lines": [], "summary": {"covered_lines": 0, "num_statements": 23, "percent_covered": 0.0, "percent_covered_display": "0", "missing_lines": 23, "excluded_lines": 0, "percent_statements_covered": 0.0, "percent_statements_covered_display": "0"}, "missing_lines": [392, 393, 394, 397, 398, 399, 400, 403, 404, 405, 406, 407, 408, 409, 410, 411, 412, 414, 422, 424, 426, 427, 428], "excluded_lines": []}, "": {"executed_lines": [1, 9, 10, 11, 13, 15, 17, 20, 39, 84, 129, 157, 190, 236, 285, 387], "summary": {"covered_lines": 15, "num_statements": 15, "percent_covered": 100.0, "percent_covered_display": "100", "missing_lines": 0, "excluded_lines": 0, "percent_statements_covered": 100.0, "percent_statements_covered_display": "100"}, "missing_lines": [], "excluded_lines": []}}, "classes": {"": {"executed_lines": [1, 9, 10, 11, 13, 15, 17, 20, 39, 84, 129, 157, 190, 236, 285, 387], "summary": {"covered_lines": 15, "num_statements": 176, "percent_covered": 8.522727272727273, "percent_covered_display": "9", "missing_lines": 161, "excluded_lines": 0, "percent_statements_covered": 8.522727272727273, "percent_statements_covered_display": "9"}, "missing_lines": [40, 41, 44, 45, 51, 53, 54, 55, 62, 63, 69, 70, 72, 73, 75, 76, 77, 85, 86, 89, 90, 96, 98, 99, 100, 107, 108, 114, 115, 117, 118, 120, 121, 122, 133, 134, 137, 138, 139, 142, 143, 144, 145, 147, 148, 150, 161, 163, 164, 166, 167, 168, 183, 184, 185, 186, 187, 194, 196, 197, 199, 201, 203, 204, 205, 208, 209, 210, 212, 229, 230, 231, 232, 233, 237, 238, 241, 242, 249, 251, 252, 254, 257, 258, 261, 262, 269, 270, 272, 273, 275, 276, 278, 281, 282, 289, 290, 292, 293, 295, 298, 300, 301, 303, 309, 311, 312, 314, 315, 316, 317, 328, 329, 330, 331, 332, 333, 335, 338, 341, 342, 348, 349, 351, 352, 355, 356, 357, 358, 361, 362, 373, 374, 375, 376, 377, 378, 380, 392, 393, 394, 397, 398, 399, 400, 403, 404, 405, 406, 407, 408, 409, 410, 411, 412, 414, 422, 424, 426, 427, 428], "excluded_lines": []}}}, "shared/database/optimization.py": {"executed_lines": [1, 9, 10, 11, 13, 16, 60, 79], "summary": {"covered_lines": 7, "num_statements": 34, "percent_covered": 20.58823529411765, "percent_covered_display": "21", "missing_lines": 27, "excluded_lines": 0, "percent_statements_covered": 20.58823529411765, "percent_statements_covered_display": "21"}, "missing_lines": [23, 24, 49, 50, 51, 52, 54, 55, 56, 57, 64, 65, 71, 72, 74, 75, 76, 83, 84, 96, 98, 99, 100, 113, 115, 116, 117], "excluded_lines": [], "functions": {"save_optimization_history": {"executed_lines": [], "summary": {"covered_lines": 0, "num_statements": 10, "percent_covered": 0.0, "percent_covered_display": "0", "missing_lines": 10, "excluded_lines": 0, "percent_statements_covered": 0.0, "percent_statements_covered_display": "0"}, "missing_lines": [23, 24, 49, 50, 51, 52, 54, 55, 56, 57], "excluded_lines": []}, "mark_optimization_applied": {"executed_lines": [], "summary": {"covered_lines": 0, "num_statements": 7, "percent_covered": 0.0, "percent_covered_display": "0", "missing_lines": 7, "excluded_lines": 0, "percent_statements_covered": 0.0, "percent_statements_covered_display": "0"}, "missing_lines": [64, 65, 71, 72, 74, 75, 76], "excluded_lines": []}, "get_recent_optimization_history": {"executed_lines": [], "summary": {"covered_lines": 0, "num_statements": 10, "percent_covered": 0.0, "percent_covered_display": "0", "missing_lines": 10, "excluded_lines": 0, "percent_statements_covered": 0.0, "percent_statements_covered_display": "0"}, "missing_lines": [83, 84, 96, 98, 99, 100, 113, 115, 116, 117], "excluded_lines": []}, "": {"executed_lines": [1, 9, 10, 11, 13, 16, 60, 79], "summary": {"covered_lines": 7, "num_statements": 7, "percent_covered": 100.0, "percent_covered_display": "100", "missing_lines": 0, "excluded_lines": 0, "percent_statements_covered": 100.0, "percent_statements_covered_display": "100"}, "missing_lines": [], "excluded_lines": []}}, "classes": {"": {"executed_lines": [1, 9, 10, 11, 13, 16, 60, 79], "summary": {"covered_lines": 7, "num_statements": 34, "percent_covered": 20.58823529411765, "percent_covered_display": "21", "missing_lines": 27, "excluded_lines": 0, "percent_statements_covered": 20.58823529411765, "percent_statements_covered_display": "21"}, "missing_lines": [23, 24, 49, 50, 51, 52, 54, 55, 56, 57, 64, 65, 71, 72, 74, 75, 76, 83, 84, 96, 98, 99, 100, 113, 115, 116, 117], "excluded_lines": []}}}, "shared/database/rag.py": {"executed_lines": [1, 8, 9, 10, 12, 15, 36, 54], "summary": {"covered_lines": 7, "num_statements": 35, "percent_covered": 20.0, "percent_covered_display": "20", "missing_lines": 28, "excluded_lines": 0, "percent_statements_covered": 20.0, "percent_statements_covered_display": "20"}, "missing_lines": [19, 20, 28, 29, 30, 31, 32, 33, 40, 41, 45, 46, 47, 48, 49, 50, 51, 58, 60, 61, 64, 65, 66, 68, 69, 71, 73, 75], "excluded_lines": [], "functions": {"upsert_rag_cache": {"executed_lines": [], "summary": {"covered_lines": 0, "num_statements": 8, "percent_covered": 0.0, "percent_covered_display": "0", "missing_lines": 8, "excluded_lines": 0, "percent_statements_covered": 0.0, "percent_statements_covered_display": "0"}, "missing_lines": [19, 20, 28, 29, 30, 31, 32, 33], "excluded_lines": []}, "get_rag_context_from_cache": {"executed_lines": [], "summary": {"covered_lines": 0, "num_statements": 9, "percent_covered": 0.0, "percent_covered_display": "0", "missing_lines": 9, "excluded_lines": 0, "percent_statements_covered": 0.0, "percent_statements_covered_display": "0"}, "missing_lines": [40, 41, 45, 46, 47, 48, 49, 50, 51], "excluded_lines": []}, "get_rag_context_with_validation": {"executed_lines": [], "summary": {"covered_lines": 0, "num_statements": 11, "percent_covered": 0.0, "percent_covered_display": "0", "missing_lines": 11, "excluded_lines": 0, "percent_statements_covered": 0.0, "percent_statements_covered_display": "0"}, "missing_lines": [58, 60, 61, 64, 65, 66, 68, 69, 71, 73, 75], "excluded_lines": []}, "": {"executed_lines": [1, 8, 9, 10, 12, 15, 36, 54], "summary": {"covered_lines": 7, "num_statements": 7, "percent_covered": 100.0, "percent_covered_display": "100", "missing_lines": 0, "excluded_lines": 0, "percent_statements_covered": 100.0, "percent_statements_covered_display": "100"}, "missing_lines": [], "excluded_lines": []}}, "classes": {"": {"executed_lines": [1, 8, 9, 10, 12, 15, 36, 54], "summary": {"covered_lines": 7, "num_statements": 35, "percent_covered": 20.0, "percent_covered_display": "20", "missing_lines": 28, "excluded_lines": 0, "percent_statements_covered": 20.0, "percent_statements_covered_display": "20"}, "missing_lines": [19, 20, 28, 29, 30, 31, 32, 33, 40, 41, 45, 46, 47, 48, 49, 50, 51, 58, 60, 61, 64, 65, 66, 68, 69, 71, 73, 75], "excluded_lines": []}}}, "shared/database/trading.py": {"executed_lines": [1, 9, 10, 11, 12, 14, 15, 17, 18, 19, 21, 28, 128, 231, 280, 313, 357, 411, 538, 563, 585, 617, 641, 662, 691, 716], "summary": {"covered_lines": 25, "num_statements": 303, "percent_covered": 8.250825082508252, "percent_covered_display": "8", "missing_lines": 278, "excluded_lines": 0, "percent_statements_covered": 8.250825082508252, "percent_statements_covered_display": "8"}, "missing_lines": [33, 34, 36, 39, 40, 41, 42, 43, 44, 45, 46, 47, 48, 49, 50, 52, 54, 60, 61, 62, 63, 64, 65, 66, 67, 68, 69, 74, 85, 86, 90, 91, 93, 94, 95, 96, 97, 98, 99, 100, 103, 104, 105, 106, 107, 108, 110, 111, 116, 125, 132, 134, 135, 138, 139, 144, 146, 149, 171, 172, 173, 175, 176, 177, 178, 179, 180, 181, 183, 184, 185, 186, 187, 188, 191, 192, 194, 195, 208, 222, 223, 224, 225, 227, 228, 235, 237, 239, 240, 241, 243, 248, 249, 250, 252, 253, 254, 255, 256, 258, 266, 272, 273, 275, 276, 277, 284, 286, 288, 289, 294, 296, 297, 303, 304, 305, 306, 318, 319, 321, 322, 329, 330, 331, 333, 334, 335, 336, 338, 339, 340, 354, 361, 363, 364, 366, 372, 374, 375, 376, 378, 380, 382, 387, 390, 391, 392, 397, 399, 400, 401, 402, 403, 404, 419, 422, 423, 424, 426, 429, 430, 433, 453, 455, 461, 463, 465, 466, 467, 468, 470, 483, 500, 502, 508, 509, 511, 513, 520, 521, 522, 529, 531, 533, 534, 535, 548, 549, 550, 551, 555, 556, 557, 559, 560, 568, 570, 571, 572, 574, 582, 587, 588, 590, 592, 601, 602, 603, 604, 606, 614, 621, 623, 624, 625, 631, 633, 634, 635, 636, 637, 638, 645, 647, 648, 649, 655, 656, 657, 658, 659, 666, 668, 669, 671, 672, 673, 674, 675, 677, 683, 685, 686, 687, 688, 695, 697, 698, 699, 706, 708, 709, 710, 711, 712, 713, 714, 727, 728, 729, 730, 732, 733, 734, 736, 738, 739, 742, 759, 760, 761, 762, 764, 777, 778, 780, 781, 782], "excluded_lines": [], "functions": {"get_active_watchlist": {"executed_lines": [], "summary": {"covered_lines": 0, "num_statements": 39, "percent_covered": 0.0, "percent_covered_display": "0", "missing_lines": 39, "excluded_lines": 0, "percent_statements_covered": 0.0, "percent_statements_covered_display": "0"}, "missing_lines": [33, 34, 36, 39, 52, 54, 60, 61, 62, 63, 64, 65, 66, 67, 68, 69, 74, 85, 86, 90, 91, 93, 94, 95, 96, 97, 98, 99, 100, 103, 104, 105, 106, 107, 108, 110, 111, 116, 125], "excluded_lines": []}, "get_active_watchlist._parse_llm_reason": {"executed_lines": [], "summary": {"covered_lines": 0, "num_statements": 11, "percent_covered": 0.0, "percent_covered_display": "0", "missing_lines": 11, "excluded_lines": 0, "percent_statements_covered": 0.0, "percent_statements_covered_display": "0"}, "missing_lines": [40, 41, 42, 43, 44, 45, 46, 47, 48, 49, 50], "excluded_lines": []}, "save_to_watchlist": {"executed_lines": [], "summary": {"covered_lines": 0, "num_statements": 35, "percent_covered": 0.0, "percent_covered_display": "0", "missing_lines": 35, "excluded_lines": 0, "percent_statements_covered": 0.0, "percent_statements_covered_display": "0"}, "missing_lines": [132, 134, 135, 138, 139, 144, 146, 149, 171, 172, 173, 175, 176, 177, 178, 179, 180, 181, 183, 184, 185, 186, 187, 188, 191, 192, 194, 195, 208, 222, 223, 224, 225, 227, 228], "excluded_lines": []}, "save_to_watchlist_history": {"executed_lines": [], "summary": {"covered_lines": 0, "num_statements": 21, "percent_covered": 0.0, "percent_covered_display": "0", "missing_lines": 21, "excluded_lines": 0, "percent_statements_covered": 0.0, "percent_statements_covered_display": "0"}, "missing_lines": [235, 237, 239, 240, 241, 243, 248, 249, 250, 252, 253, 254, 255, 256, 258, 266, 272, 273, 275, 276, 277], "excluded_lines": []}, "get_watchlist_history": {"executed_lines": [], "summary": {"covered_lines": 0, "num_statements": 11, "percent_covered": 0.0, "percent_covered_display": "0", "missing_lines": 11, "excluded_lines": 0, "percent_statements_covered": 0.0, "percent_statements_covered_display": "0"}, "missing_lines": [284, 286, 288, 289, 294, 296, 297, 303, 304, 305, 306], "excluded_lines": []}, "get_active_portfolio": {"executed_lines": [], "summary": {"covered_lines": 0, "num_statements": 15, "percent_covered": 0.0, "percent_covered_display": "0", "missing_lines": 15, "excluded_lines": 0, "percent_statements_covered": 0.0, "percent_statements_covered_display": "0"}, "missing_lines": [318, 319, 321, 322, 329, 330, 331, 333, 334, 335, 336, 338, 339, 340, 354], "excluded_lines": []}, "remove_from_portfolio": {"executed_lines": [], "summary": {"covered_lines": 0, "num_statements": 22, "percent_covered": 0.0, "percent_covered_display": "0", "missing_lines": 22, "excluded_lines": 0, "percent_statements_covered": 0.0, "percent_statements_covered_display": "0"}, "missing_lines": [361, 363, 364, 366, 372, 374, 375, 376, 378, 380, 382, 387, 390, 391, 392, 397, 399, 400, 401, 402, 403, 404], "excluded_lines": []}, "_execute_trade_and_log_sqlalchemy": {"executed_lines": [], "summary": {"covered_lines": 0, "num_statements": 32, "percent_covered": 0.0, "percent_covered_display": "0", "missing_lines": 32, "excluded_lines": 0, "percent_statements_covered": 0.0, "percent_statements_covered_display": "0"}, "missing_lines": [419, 422, 423, 424, 426, 429, 430, 433, 453, 455, 461, 463, 465, 466, 467, 468, 470, 483, 500, 502, 508, 509, 511, 513, 520, 521, 522, 529, 531, 533, 534, 535], "excluded_lines": []}, "execute_trade_and_log": {"executed_lines": [], "summary": {"covered_lines": 0, "num_statements": 9, "percent_covered": 0.0, "percent_covered_display": "0", "missing_lines": 9, "excluded_lines": 0, "percent_statements_covered": 0.0, "percent_statements_covered_display": "0"}, "missing_lines": [548, 549, 550, 551, 555, 556, 557, 559, 560], "excluded_lines": []}, "record_trade": {"executed_lines": [], "summary": {"covered_lines": 0, "num_statements": 6, "percent_covered": 0.0, "percent_covered_display": "0", "missing_lines": 6, "excluded_lines": 0, "percent_statements_covered": 0.0, "percent_statements_covered_display": "0"}, "missing_lines": [568, 570, 571, 572, 574, 582], "excluded_lines": []}, "get_today_trades": {"executed_lines": [], "summary": {"covered_lines": 0, "num_statements": 10, "percent_covered": 0.0, "percent_covered_display": "0", "missing_lines": 10, "excluded_lines": 0, "percent_statements_covered": 0.0, "percent_statements_covered_display": "0"}, "missing_lines": [587, 588, 590, 592, 601, 602, 603, 604, 606, 614], "excluded_lines": []}, "get_trade_log": {"executed_lines": [], "summary": {"covered_lines": 0, "num_statements": 11, "percent_covered": 0.0, "percent_covered_display": "0", "missing_lines": 11, "excluded_lines": 0, "percent_statements_covered": 0.0, "percent_statements_covered_display": "0"}, "missing_lines": [621, 623, 624, 625, 631, 633, 634, 635, 636, 637, 638], "excluded_lines": []}, "was_traded_recently": {"executed_lines": [], "summary": {"covered_lines": 0, "num_statements": 9, "percent_covered": 0.0, "percent_covered_display": "0", "missing_lines": 9, "excluded_lines": 0, "percent_statements_covered": 0.0, "percent_statements_covered_display": "0"}, "missing_lines": [645, 647, 648, 649, 655, 656, 657, 658, 659], "excluded_lines": []}, "get_recently_traded_stocks_batch": {"executed_lines": [], "summary": {"covered_lines": 0, "num_statements": 14, "percent_covered": 0.0, "percent_covered_display": "0", "missing_lines": 14, "excluded_lines": 0, "percent_statements_covered": 0.0, "percent_statements_covered_display": "0"}, "missing_lines": [666, 668, 669, 671, 672, 673, 674, 675, 677, 683, 685, 686, 687, 688], "excluded_lines": []}, "check_duplicate_order": {"executed_lines": [], "summary": {"covered_lines": 0, "num_statements": 12, "percent_covered": 0.0, "percent_covered_display": "0", "missing_lines": 12, "excluded_lines": 0, "percent_statements_covered": 0.0, "percent_statements_covered_display": "0"}, "missing_lines": [695, 697, 698, 699, 706, 708, 709, 710, 711, 712, 713, 714], "excluded_lines": []}, "get_trade_logs": {"executed_lines": [], "summary": {"covered_lines": 0, "num_statements": 21, "percent_covered": 0.0, "percent_covered_display": "0", "missing_lines": 21, "excluded_lines": 0, "percent_statements_covered": 0.0, "percent_statements_covered_display": "0"}, "missing_lines": [727, 728, 729, 730, 732, 733, 734, 736, 738, 739, 742, 759, 760, 761, 762, 764, 777, 778, 780, 781, 782], "excluded_lines": []}, "": {"executed_lines": [1, 9, 10, 11, 12, 14, 15, 17, 18, 19, 21, 28, 128, 231, 280, 313, 357, 411, 538, 563, 585, 617, 641, 662, 691, 716], "summary": {"covered_lines": 25, "num_statements": 25, "percent_covered": 100.0, "percent_covered_display": "100", "missing_lines": 0, "excluded_lines": 0, "percent_statements_covered": 100.0, "percent_statements_covered_display": "100"}, "missing_lines": [], "excluded_lines": []}}, "classes": {"": {"executed_lines": [1, 9, 10, 11, 12, 14, 15, 17, 18, 19, 21, 28, 128, 231, 280, 313, 357, 411, 538, 563, 585, 617, 641, 662, 691, 716], "summary": {"covered_lines": 25, "num_statements": 303, "percent_covered": 8.250825082508252, "percent_covered_display": "8", "missing_lines": 278, "excluded_lines": 0, "percent_statements_covered": 8.250825082508252, "percent_statements_covered_display": "8"}, "missing_lines": [33, 34, 36, 39, 40, 41, 42, 43, 44, 45, 46, 47, 48, 49, 50, 52, 54, 60, 61, 62, 63, 64, 65, 66, 67, 68, 69, 74, 85, 86, 90, 91, 93, 94, 95, 96, 97, 98, 99, 100, 103, 104, 105, 106, 107, 108, 110, 111, 116, 125, 132, 134, 135, 138, 139, 144, 146, 149, 171, 172, 173, 175, 176, 177, 178, 179, 180, 181, 183, 184, 185, 186, 187, 188, 191, 192, 194, 195, 208, 222, 223, 224, 225, 227, 228, 235, 237, 239, 240, 241, 243, 248, 249, 250, 252, 253, 254, 255, 256, 258, 266, 272, 273, 275, 276, 277, 284, 286, 288, 289, 294, 296, 297, 303, 304, 305, 306, 318, 319, 321, 322, 329, 330, 331, 333, 334, 335, 336, 338, 339, 340, 354, 361, 363, 364, 366, 372, 374, 375, 376, 378, 380, 382, 387, 390, 391, 392, 397, 399, 400, 401, 402, 403, 404, 419, 422, 423, 424, 426, 429, 430, 433, 453, 455, 461, 463, 465, 466, 467, 468, 470, 483, 500, 502, 508, 509, 511, 513, 520, 521, 522, 529, 531, 533, 534, 535, 548, 549, 550, 551, 555, 556, 557, 559, 560, 568, 570, 571, 572, 574, 582, 587, 588, 590, 592, 601, 602, 603, 604, 606, 614, 621, 623, 624, 625, 631, 633, 634, 635, 636, 637, 638, 645, 647, 648, 649, 655, 656, 657, 658, 659, 666, 668, 669, 671, 672, 673, 674, 675, 677, 683, 685, 686, 687, 688, 695, 697, 698, 699, 706, 708, 709, 710, 711, 712, 713, 714, 727, 728, 729, 730, 732, 733, 734, 736, 738, 739, 742, 759, 760, 761, 762, 764, 777, 778, 780, 781, 782], "excluded_lines": []}}}, "shared/db/__init__.py": {"executed_lines": [1, 5, 13, 14, 16], "summary": {"covered_lines": 4, "num_statements": 4, "percent_covered": 100.0, "percent_covered_display": "100", "missing_lines": 0, "excluded_lines": 0, "percent_statements_covered": 100.0, "percent_statements_covered_display": "100"}, "missing_lines": [], "excluded_lines": [], "functions": {"": {"executed_lines": [1, 5, 13, 14, 16], "summary": {"covered_lines": 4, "num_statements": 4, "percent_covered": 100.0, "percent_covered_display": "100", "missing_lines": 0, "excluded_lines": 0, "percent_statements_covered": 100.0, "percent_statements_covered_display": "100"}, "missing_lines": [], "excluded_lines": []}}, "classes": {"": {"executed_lines": [1, 5, 13, 14, 16], "summary": {"covered_lines": 4, "num_statements": 4, "percent_covered": 100.0, "percent_covered_display": "100", "missing_lines": 0, "excluded_lines": 0, "percent_statements_covered": 100.0, "percent_statements_covered_display": "100"}, "missing_lines": [], "excluded_lines": []}}}, "shared/db/connection.py": {"executed_lines": [1, 2, 3, 4, 5, 7, 9, 10, 11, 12, 14, 16, 17, 18, 21, 26, 29, 30, 31, 32, 33, 35, 36, 38, 39, 42, 45, 46, 49, 60, 61, 62, 63, 64, 70, 71, 73, 74, 75, 76, 78, 85, 86, 96, 99, 105, 106, 107, 108, 109, 110, 111, 114, 127, 128, 131, 132, 133, 134, 136, 137, 145, 146, 147, 150, 151, 154, 155, 156, 157, 160, 161, 162, 163, 166, 167, 172, 173, 174, 175, 176, 178, 179, 180, 181, 183, 186, 189, 190, 191, 192, 193, 194, 195], "summary": {"covered_lines": 94, "num_statements": 94, "percent_covered": 100.0, "percent_covered_display": "100", "missing_lines": 0, "excluded_lines": 0, "percent_statements_covered": 100.0, "percent_statements_covered_display": "100"}, "missing_lines": [], "excluded_lines": [], "functions": {"_build_connection_url": {"executed_lines": [26, 29, 30, 31, 32, 33, 35, 36, 38, 39, 42], "summary": {"covered_lines": 11, "num_statements": 11, "percent_covered": 100.0, "percent_covered_display": "100", "missing_lines": 0, "excluded_lines": 0, "percent_statements_covered": 100.0, "percent_statements_covered_display": "100"}, "missing_lines": [], "excluded_lines": []}, "_get_db_type": {"executed_lines": [46], "summary": {"covered_lines": 1, "num_statements": 1, "percent_covered": 100.0, "percent_covered_display": "100", "missing_lines": 0, "excluded_lines": 0, "percent_statements_covered": 100.0, "percent_statements_covered_display": "100"}, "missing_lines": [], "excluded_lines": []}, "init_engine": {"executed_lines": [60, 61, 62, 63, 64, 70, 71, 73, 74, 75, 76, 78, 85, 86, 96, 99, 105, 106, 107, 108, 109, 110, 111], "summary": {"covered_lines": 23, "num_statements": 23, "percent_covered": 100.0, "percent_covered_display": "100", "missing_lines": 0, "excluded_lines": 0, "percent_statements_covered": 100.0, "percent_statements_covered_display": "100"}, "missing_lines": [], "excluded_lines": []}, "ensure_engine_initialized": {"executed_lines": [127, 128, 131, 132, 133, 134, 136, 137, 145, 146, 147], "summary": {"covered_lines": 11, "num_statements": 11, "percent_covered": 100.0, "percent_covered_display": "100", "missing_lines": 0, "excluded_lines": 0, "percent_statements_covered": 100.0, "percent_statements_covered_display": "100"}, "missing_lines": [], "excluded_lines": []}, "is_engine_initialized": {"executed_lines": [151], "summary": {"covered_lines": 1, "num_statements": 1, "percent_covered": 100.0, "percent_covered_display": "100", "missing_lines": 0, "excluded_lines": 0, "percent_statements_covered": 100.0, "percent_statements_covered_display": "100"}, "missing_lines": [], "excluded_lines": []}, "get_engine": {"executed_lines": [155, 156, 157], "summary": {"covered_lines": 3, "num_statements": 3, "percent_covered": 100.0, "percent_covered_display": "100", "missing_lines": 0, "excluded_lines": 0, "percent_statements_covered": 100.0, "percent_statements_covered_display": "100"}, "missing_lines": [], "excluded_lines": []}, "get_session": {"executed_lines": [161, 162, 163], "summary": {"covered_lines": 3, "num_statements": 3, "percent_covered": 100.0, "percent_covered_display": "100", "missing_lines": 0, "excluded_lines": 0, "percent_statements_covered": 100.0, "percent_statements_covered_display": "100"}, "missing_lines": [], "excluded_lines": []}, "session_scope": {"executed_lines": [172, 173, 174, 175, 176, 178, 179, 180, 181, 183], "summary": {"covered_lines": 10, "num_statements": 10, "percent_covered": 100.0, "percent_covered_display": "100", "missing_lines": 0, "excluded_lines": 0, "percent_statements_covered": 100.0, "percent_statements_covered_display": "100"}, "missing_lines": [], "excluded_lines": []}, "dispose_engine": {"executed_lines": [189, 190, 191, 192, 193, 194, 195], "summary": {"covered_lines": 7, "num_statements": 7, "percent_covered": 100.0, "percent_covered_display": "100", "missing_lines": 0, "excluded_lines": 0, "percent_statements_covered": 100.0, "percent_statements_covered_display": "100"}, "missing_lines": [], "excluded_lines": []}, "": {"executed_lines": [1, 2, 3, 4, 5, 7, 9, 10, 11, 12, 14, 16, 17, 18, 21, 45, 49, 114, 150, 154, 160, 166, 167, 186], "summary": {"covered_lines": 24, "num_statements": 24, "percent_covered": 100.0, "percent_covered_display": "100", "missing_lines": 0, "excluded_lines": 0, "percent_statements_covered": 100.0, "percent_statements_covered_display": "100"}, "missing_lines": [], "excluded_lines": []}}, "classes": {"": {"executed_lines": [1, 2, 3, 4, 5, 7, 9, 10, 11, 12, 14, 16, 17, 18, 21, 26, 29, 30, 31, 32, 33, 35, 36, 38, 39, 42, 45, 46, 49, 60, 61, 62, 63, 64, 70, 71, 73, 74, 75, 76, 78, 85, 86, 96, 99, 105, 106, 107, 108, 109, 110, 111, 114, 127, 128, 131, 132, 133, 134, 136, 137, 145, 146, 147, 150, 151, 154, 155, 156, 157, 160, 161, 162, 163, 166, 167, 172, 173, 174, 175, 176, 178, 179, 180, 181, 183, 186, 189, 190, 191, 192, 193, 194, 195], "summary": {"covered_lines": 94, "num_statements": 94, "percent_covered": 100.0, "percent_covered_display": "100", "missing_lines": 0, "excluded_lines": 0, "percent_statements_covered": 100.0, "percent_statements_covered_display": "100"}, "missing_lines": [], "excluded_lines": []}}}, "shared/db/factor_repository.py": {"executed_lines": [1, 17, 18, 19, 20, 21, 22, 24, 37, 40, 41, 47, 52, 58, 73, 74, 88, 89, 91, 94, 95, 97, 103, 118, 119, 120, 121, 127, 137, 138, 144, 145, 146, 152, 162, 163, 172, 173, 174, 184, 197, 198, 214, 215, 216, 217, 219, 220, 223, 225, 231, 241, 256, 258, 259, 260, 272, 273, 276, 277, 278, 280, 282, 292, 307, 309, 310, 311, 323, 324, 327, 328, 329, 333, 343, 358, 360, 361, 363, 379, 380, 381, 382, 387, 397, 417, 419, 430, 432, 433, 434, 435, 436, 437, 438, 439, 440, 441, 444, 457, 459, 460, 461, 468, 476, 477, 495, 516, 518, 532, 534, 548, 563, 565, 566, 567, 574, 584, 585, 605, 629, 631, 644, 646, 663, 681, 683, 684, 685], "summary": {"covered_lines": 127, "num_statements": 190, "percent_covered": 66.84210526315789, "percent_covered_display": "67", "missing_lines": 63, "excluded_lines": 0, "percent_statements_covered": 66.84210526315789, "percent_statements_covered_display": "67"}, "missing_lines": [99, 100, 101, 148, 149, 150, 176, 177, 178, 233, 234, 235, 284, 285, 286, 331, 335, 336, 337, 389, 390, 391, 463, 464, 465, 466, 487, 488, 489, 536, 537, 538, 539, 540, 541, 542, 543, 544, 545, 569, 570, 571, 572, 597, 598, 599, 648, 649, 650, 651, 652, 653, 654, 655, 656, 657, 658, 659, 660, 687, 688, 689, 690], "excluded_lines": [], "functions": {"FactorRepository.__init__": {"executed_lines": [52], "summary": {"covered_lines": 1, "num_statements": 1, "percent_covered": 100.0, "percent_covered_display": "100", "missing_lines": 0, "excluded_lines": 0, "percent_statements_covered": 100.0, "percent_statements_covered_display": "100"}, "missing_lines": [], "excluded_lines": []}, "FactorRepository.get_historical_prices": {"executed_lines": [73, 74, 88, 89, 91, 94, 95, 97], "summary": {"covered_lines": 8, "num_statements": 11, "percent_covered": 72.72727272727273, "percent_covered_display": "73", "missing_lines": 3, "excluded_lines": 0, "percent_statements_covered": 72.72727272727273, "percent_statements_covered_display": "73"}, "missing_lines": [99, 100, 101], "excluded_lines": []}, "FactorRepository.get_historical_prices_bulk": {"executed_lines": [118, 119, 120, 121], "summary": {"covered_lines": 4, "num_statements": 4, "percent_covered": 100.0, "percent_covered_display": "100", "missing_lines": 0, "excluded_lines": 0, "percent_statements_covered": 100.0, "percent_statements_covered_display": "100"}, "missing_lines": [], "excluded_lines": []}, "FactorRepository.get_market_cap": {"executed_lines": [137, 138, 144, 145, 146], "summary": {"covered_lines": 5, "num_statements": 8, "percent_covered": 62.5, "percent_covered_display": "62", "missing_lines": 3, "excluded_lines": 0, "percent_statements_covered": 62.5, "percent_statements_covered_display": "62"}, "missing_lines": [148, 149, 150], "excluded_lines": []}, "FactorRepository.get_stock_sector": {"executed_lines": [162, 163, 172, 173, 174], "summary": {"covered_lines": 5, "num_statements": 8, "percent_covered": 62.5, "percent_covered_display": "62", "missing_lines": 3, "excluded_lines": 0, "percent_statements_covered": 62.5, "percent_statements_covered_display": "62"}, "missing_lines": [176, 177, 178], "excluded_lines": []}, "FactorRepository.get_financial_data": {"executed_lines": [197, 198, 214, 215, 216, 217, 219, 220, 223, 225, 231], "summary": {"covered_lines": 11, "num_statements": 14, "percent_covered": 78.57142857142857, "percent_covered_display": "79", "missing_lines": 3, "excluded_lines": 0, "percent_statements_covered": 78.57142857142857, "percent_statements_covered_display": "79"}, "missing_lines": [233, 234, 235], "excluded_lines": []}, "FactorRepository.get_supply_demand_data": {"executed_lines": [256, 258, 259, 260, 272, 273, 276, 277, 278, 280, 282], "summary": {"covered_lines": 11, "num_statements": 14, "percent_covered": 78.57142857142857, "percent_covered_display": "79", "missing_lines": 3, "excluded_lines": 0, "percent_statements_covered": 78.57142857142857, "percent_statements_covered_display": "79"}, "missing_lines": [284, 285, 286], "excluded_lines": []}, "FactorRepository.get_news_sentiment_history": {"executed_lines": [307, 309, 310, 311, 323, 324, 327, 328, 329, 333], "summary": {"covered_lines": 10, "num_statements": 14, "percent_covered": 71.42857142857143, "percent_covered_display": "71", "missing_lines": 4, "excluded_lines": 0, "percent_statements_covered": 71.42857142857143, "percent_statements_covered_display": "71"}, "missing_lines": [331, 335, 336, 337], "excluded_lines": []}, "FactorRepository.get_disclosures": {"executed_lines": [358, 360, 361, 363, 379, 380, 381, 382, 387], "summary": {"covered_lines": 9, "num_statements": 12, "percent_covered": 75.0, "percent_covered_display": "75", "missing_lines": 3, "excluded_lines": 0, "percent_statements_covered": 75.0, "percent_statements_covered_display": "75"}, "missing_lines": [389, 390, 391], "excluded_lines": []}, "FactorRepository.save_factor_metadata": {"executed_lines": [417, 419, 430, 432, 433, 434, 435, 436, 437, 438, 439, 440, 441, 444, 457, 459, 460, 461], "summary": {"covered_lines": 18, "num_statements": 22, "percent_covered": 81.81818181818181, "percent_covered_display": "82", "missing_lines": 4, "excluded_lines": 0, "percent_statements_covered": 81.81818181818181, "percent_statements_covered_display": "82"}, "missing_lines": [463, 464, 465, 466], "excluded_lines": []}, "FactorRepository.get_factor_metadata": {"executed_lines": [476, 477], "summary": {"covered_lines": 2, "num_statements": 5, "percent_covered": 40.0, "percent_covered_display": "40", "missing_lines": 3, "excluded_lines": 0, "percent_statements_covered": 40.0, "percent_statements_covered_display": "40"}, "missing_lines": [487, 488, 489], "excluded_lines": []}, "FactorRepository.save_factor_performance": {"executed_lines": [516, 518, 532, 534, 548, 563, 565, 566, 567], "summary": {"covered_lines": 9, "num_statements": 23, "percent_covered": 39.130434782608695, "percent_covered_display": "39", "missing_lines": 14, "excluded_lines": 0, "percent_statements_covered": 39.130434782608695, "percent_statements_covered_display": "39"}, "missing_lines": [536, 537, 538, 539, 540, 541, 542, 543, 544, 545, 569, 570, 571, 572], "excluded_lines": []}, "FactorRepository.get_factor_performance": {"executed_lines": [584, 585], "summary": {"covered_lines": 2, "num_statements": 5, "percent_covered": 40.0, "percent_covered_display": "40", "missing_lines": 3, "excluded_lines": 0, "percent_statements_covered": 40.0, "percent_statements_covered_display": "40"}, "missing_lines": [597, 598, 599], "excluded_lines": []}, "FactorRepository.save_news_factor_stats": {"executed_lines": [629, 631, 644, 646, 663, 681, 683, 684, 685], "summary": {"covered_lines": 9, "num_statements": 26, "percent_covered": 34.61538461538461, "percent_covered_display": "35", "missing_lines": 17, "excluded_lines": 0, "percent_statements_covered": 34.61538461538461, "percent_statements_covered_display": "35"}, "missing_lines": [648, 649, 650, 651, 652, 653, 654, 655, 656, 657, 658, 659, 660, 687, 688, 689, 690], "excluded_lines": []}, "": {"executed_lines": [1, 17, 18, 19, 20, 21, 22, 24, 37, 40, 41, 47, 58, 103, 127, 152, 184, 241, 292, 343, 397, 468, 495, 574, 605], "summary": {"covered_lines": 23, "num_statements": 23, "percent_covered": 100.0, "percent_covered_display": "100", "missing_lines": 0, "excluded_lines": 0, "percent_statements_covered": 100.0, "percent_statements_covered_display": "100"}, "missing_lines": [], "excluded_lines": []}}, "classes": {"FactorRepository": {"executed_lines": [52, 73, 74, 88, 89, 91, 94, 95, 97, 118, 119, 120, 121, 137, 138, 144, 145, 146, 162, 163, 172, 173, 174, 197, 198, 214, 215, 216, 217, 219, 220, 223, 225, 231, 256, 258, 259, 260, 272, 273, 276, 277, 278, 280, 282, 307, 309, 310, 311, 323, 324, 327, 328, 329, 333, 358, 360, 361, 363, 379, 380, 381, 382, 387, 417, 419, 430, 432, 433, 434, 435, 436, 437, 438, 439, 440, 441, 444, 457, 459, 460, 461, 476, 477, 516, 518, 532, 534, 548, 563, 565, 566, 567, 584, 585, 629, 631, 644, 646, 663, 681, 683, 684, 685], "summary": {"covered_lines": 104, "num_statements": 167, "percent_covered": 62.275449101796404, "percent_covered_display": "62", "missing_lines": 63, "excluded_lines": 0, "percent_statements_covered": 62.275449101796404, "percent_statements_covered_display": "62"}, "missing_lines": [99, 100, 101, 148, 149, 150, 176, 177, 178, 233, 234, 235, 284, 285, 286, 331, 335, 336, 337, 389, 390, 391, 463, 464, 465, 466, 487, 488, 489, 536, 537, 538, 539, 540, 541, 542, 543, 544, 545, 569, 570, 571, 572, 597, 598, 599, 648, 649, 650, 651, 652, 653, 654, 655, 656, 657, 658, 659, 660, 687, 688, 689, 690], "excluded_lines": []}, "": {"executed_lines": [1, 17, 18, 19, 20, 21, 22, 24, 37, 40, 41, 47, 58, 103, 127, 152, 184, 241, 292, 343, 397, 468, 495, 574, 605], "summary": {"covered_lines": 23, "num_statements": 23, "percent_covered": 100.0, "percent_covered_display": "100", "missing_lines": 0, "excluded_lines": 0, "percent_statements_covered": 100.0, "percent_statements_covered_display": "100"}, "missing_lines": [], "excluded_lines": []}}}, "shared/db/models.py": {"executed_lines": [3, 12, 13, 15, 27, 29, 31, 33, 44, 49, 50, 52, 55, 56, 57, 59, 60, 61, 62, 63, 64, 65, 66, 67, 68, 69, 70, 71, 72, 73, 74, 75, 76, 78, 81, 82, 83, 85, 86, 87, 88, 89, 90, 91, 92, 93, 94, 95, 96, 99, 100, 101, 103, 104, 105, 106, 107, 108, 109, 110, 111, 112, 113, 116, 117, 118, 120, 121, 122, 123, 124, 125, 126, 127, 132, 133, 134, 136, 137, 138, 139, 142, 143, 144, 146, 147, 148, 149, 150, 151, 152, 153, 154, 155, 156, 157, 160, 161, 162, 164, 165, 166, 167, 168, 169, 170, 171, 172, 173, 174, 175, 178, 179, 180, 182, 183, 184, 185, 186, 187, 188, 189, 190, 191, 192, 193, 194, 195, 196, 199, 200, 201, 203, 204, 205, 206, 207, 208, 209, 210, 213, 214, 215, 217, 218, 219, 220, 221, 222, 223, 226, 227, 228, 230, 231, 232, 235, 236, 237, 239, 240, 241, 242, 243, 244, 245, 246, 247, 248, 249, 250, 251, 252, 259, 260, 265, 266, 268, 269, 270, 271, 272, 273, 274, 275, 276, 277, 278, 279, 282, 283, 288, 289, 291, 292, 293, 296, 297, 298, 301, 302, 305, 306, 307, 309, 310, 311, 314, 315, 320, 321, 323, 324, 325, 328, 329, 330, 331, 334, 335, 336, 339, 340, 341, 344, 345, 346, 348, 349, 350, 353, 354, 359, 360, 362, 365, 366, 369, 370, 371, 372, 375, 376, 377, 380, 381, 384, 385, 388, 389, 391, 392, 393, 400, 401, 405, 406, 408, 409, 410, 411, 412, 413, 414, 415, 416, 417, 420, 421, 425, 426, 428, 429, 430, 431, 432, 433, 434, 435, 436, 437, 438, 439, 442, 443, 447, 448, 450, 451, 452, 453, 454, 455, 456, 457, 460, 461, 465, 466, 468, 469, 470, 471, 472, 473, 474, 477, 478, 481, 482, 484, 485, 486, 487, 488, 489, 492, 493, 498, 499, 501, 502, 503, 504, 507, 508, 509, 510, 513, 516, 517, 518, 520, 521, 524, 525, 529, 530, 532, 535, 536, 537, 540, 541, 544, 545, 546, 547, 548, 551, 554, 555, 558, 559, 561, 562, 563, 566, 567, 571, 572, 574, 577, 578, 581, 582, 585, 586, 587, 590, 591, 592, 594, 595, 596, 599, 600, 602, 603, 604, 607, 608, 612, 613, 615, 617, 618, 619, 622, 625, 626, 627, 628, 629, 630, 633, 634, 635, 638, 639, 642, 643, 644, 647, 648, 655, 656, 661, 662, 664, 665, 668, 669, 670, 671, 672, 675, 676, 679, 680, 681, 682, 685, 686, 689, 691, 694, 695, 700, 701, 703, 704, 706, 707, 710, 711, 712, 715, 716, 718, 719, 722, 723, 727, 728, 730, 731, 733, 736, 737, 740, 741, 742, 745, 746, 748, 751, 752, 756, 757, 759, 760, 762, 763, 764, 765, 766, 768, 770], "summary": {"covered_lines": 451, "num_statements": 452, "percent_covered": 99.77876106194691, "percent_covered_display": "99", "missing_lines": 1, "excluded_lines": 0, "percent_statements_covered": 99.77876106194691, "percent_statements_covered_display": "99"}, "missing_lines": [51], "excluded_lines": [], "functions": {"resolve_table_name": {"executed_lines": [49, 50, 52], "summary": {"covered_lines": 3, "num_statements": 4, "percent_covered": 75.0, "percent_covered_display": "75", "missing_lines": 1, "excluded_lines": 0, "percent_statements_covered": 75.0, "percent_statements_covered_display": "75"}, "missing_lines": [51], "excluded_lines": []}, "": {"executed_lines": [3, 12, 13, 15, 27, 29, 31, 33, 44, 55, 56, 57, 59, 60, 61, 62, 63, 64, 65, 66, 67, 68, 69, 70, 71, 72, 73, 74, 75, 76, 78, 81, 82, 83, 85, 86, 87, 88, 89, 90, 91, 92, 93, 94, 95, 96, 99, 100, 101, 103, 104, 105, 106, 107, 108, 109, 110, 111, 112, 113, 116, 117, 118, 120, 121, 122, 123, 124, 125, 126, 127, 132, 133, 134, 136, 137, 138, 139, 142, 143, 144, 146, 147, 148, 149, 150, 151, 152, 153, 154, 155, 156, 157, 160, 161, 162, 164, 165, 166, 167, 168, 169, 170, 171, 172, 173, 174, 175, 178, 179, 180, 182, 183, 184, 185, 186, 187, 188, 189, 190, 191, 192, 193, 194, 195, 196, 199, 200, 201, 203, 204, 205, 206, 207, 208, 209, 210, 213, 214, 215, 217, 218, 219, 220, 221, 222, 223, 226, 227, 228, 230, 231, 232, 235, 236, 237, 239, 240, 241, 242, 243, 244, 245, 246, 247, 248, 249, 250, 251, 252, 259, 260, 265, 266, 268, 269, 270, 271, 272, 273, 274, 275, 276, 277, 278, 279, 282, 283, 288, 289, 291, 292, 293, 296, 297, 298, 301, 302, 305, 306, 307, 309, 310, 311, 314, 315, 320, 321, 323, 324, 325, 328, 329, 330, 331, 334, 335, 336, 339, 340, 341, 344, 345, 346, 348, 349, 350, 353, 354, 359, 360, 362, 365, 366, 369, 370, 371, 372, 375, 376, 377, 380, 381, 384, 385, 388, 389, 391, 392, 393, 400, 401, 405, 406, 408, 409, 410, 411, 412, 413, 414, 415, 416, 417, 420, 421, 425, 426, 428, 429, 430, 431, 432, 433, 434, 435, 436, 437, 438, 439, 442, 443, 447, 448, 450, 451, 452, 453, 454, 455, 456, 457, 460, 461, 465, 466, 468, 469, 470, 471, 472, 473, 474, 477, 478, 481, 482, 484, 485, 486, 487, 488, 489, 492, 493, 498, 499, 501, 502, 503, 504, 507, 508, 509, 510, 513, 516, 517, 518, 520, 521, 524, 525, 529, 530, 532, 535, 536, 537, 540, 541, 544, 545, 546, 547, 548, 551, 554, 555, 558, 559, 561, 562, 563, 566, 567, 571, 572, 574, 577, 578, 581, 582, 585, 586, 587, 590, 591, 592, 594, 595, 596, 599, 600, 602, 603, 604, 607, 608, 612, 613, 615, 617, 618, 619, 622, 625, 626, 627, 628, 629, 630, 633, 634, 635, 638, 639, 642, 643, 644, 647, 648, 655, 656, 661, 662, 664, 665, 668, 669, 670, 671, 672, 675, 676, 679, 680, 681, 682, 685, 686, 689, 691, 694, 695, 700, 701, 703, 704, 706, 707, 710, 711, 712, 715, 716, 718, 719, 722, 723, 727, 728, 730, 731, 733, 736, 737, 740, 741, 742, 745, 746, 748, 751, 752, 756, 757, 759, 760, 762, 763, 764, 765, 766, 768, 770], "summary": {"covered_lines": 448, "num_statements": 448, "percent_covered": 100.0, "percent_covered_display": "100", "missing_lines": 0, "excluded_lines": 0, "percent_statements_covered": 100.0, "percent_statements_covered_display": "100"}, "missing_lines": [], "excluded_lines": []}}, "classes": {"WatchList": {"executed_lines": [], "summary": {"covered_lines": 0, "num_statements": 0, "percent_covered": 100.0, "percent_covered_display": "100", "missing_lines": 0, "excluded_lines": 0, "percent_statements_covered": 100.0, "percent_statements_covered_display": "100"}, "missing_lines": [], "excluded_lines": []}, "Portfolio": {"executed_lines": [], "summary": {"covered_lines": 0, "num_statements": 0, "percent_covered": 100.0, "percent_covered_display": "100", "missing_lines": 0, "excluded_lines": 0, "percent_statements_covered": 100.0, "percent_statements_covered_display": "100"}, "missing_lines": [], "excluded_lines": []}, "TradeLog": {"executed_lines": [], "summary": {"covered_lines": 0, "num_statements": 0, "percent_covered": 100.0, "percent_covered_display": "100", "missing_lines": 0, "excluded_lines": 0, "percent_statements_covered": 100.0, "percent_statements_covered_display": "100"}, "missing_lines": [], "excluded_lines": []}, "StockDailyPrice": {"executed_lines": [], "summary": {"covered_lines": 0, "num_statements": 0, "percent_covered": 100.0, "percent_covered_display": "100", "missing_lines": 0, "excluded_lines": 0, "percent_statements_covered": 100.0, "percent_statements_covered_display": "100"}, "missing_lines": [], "excluded_lines": []}, "Config": {"executed_lines": [], "summary": {"covered_lines": 0, "num_statements": 0, "percent_covered": 100.0, "percent_covered_display": "100", "missing_lines": 0, "excluded_lines": 0, "percent_statements_covered": 100.0, "percent_statements_covered_display": "100"}, "missing_lines": [], "excluded_lines": []}, "BacktestTradeLog": {"executed_lines": [], "summary": {"covered_lines": 0, "num_statements": 0, "percent_covered": 100.0, "percent_covered_display": "100", "missing_lines": 0, "excluded_lines": 0, "percent_statements_covered": 100.0, "percent_statements_covered_display": "100"}, "missing_lines": [], "excluded_lines": []}, "AgentCommands": {"executed_lines": [], "summary": {"covered_lines": 0, "num_statements": 0, "percent_covered": 100.0, "percent_covered_display": "100", "missing_lines": 0, "excluded_lines": 0, "percent_statements_covered": 100.0, "percent_statements_covered_display": "100"}, "missing_lines": [], "excluded_lines": []}, "OptimizationHistory": {"executed_lines": [], "summary": {"covered_lines": 0, "num_statements": 0, "percent_covered": 100.0, "percent_covered_display": "100", "missing_lines": 0, "excluded_lines": 0, "percent_statements_covered": 100.0, "percent_statements_covered_display": "100"}, "missing_lines": [], "excluded_lines": []}, "NewsSentiment": {"executed_lines": [], "summary": {"covered_lines": 0, "num_statements": 0, "percent_covered": 100.0, "percent_covered_display": "100", "missing_lines": 0, "excluded_lines": 0, "percent_statements_covered": 100.0, "percent_statements_covered_display": "100"}, "missing_lines": [], "excluded_lines": []}, "WatchlistHistory": {"executed_lines": [], "summary": {"covered_lines": 0, "num_statements": 0, "percent_covered": 100.0, "percent_covered_display": "100", "missing_lines": 0, "excluded_lines": 0, "percent_statements_covered": 100.0, "percent_statements_covered_display": "100"}, "missing_lines": [], "excluded_lines": []}, "RagCache": {"executed_lines": [], "summary": {"covered_lines": 0, "num_statements": 0, "percent_covered": 100.0, "percent_covered_display": "100", "missing_lines": 0, "excluded_lines": 0, "percent_statements_covered": 100.0, "percent_statements_covered_display": "100"}, "missing_lines": [], "excluded_lines": []}, "FinancialData": {"executed_lines": [], "summary": {"covered_lines": 0, "num_statements": 0, "percent_covered": 100.0, "percent_covered_display": "100", "missing_lines": 0, "excluded_lines": 0, "percent_statements_covered": 100.0, "percent_statements_covered_display": "100"}, "missing_lines": [], "excluded_lines": []}, "IndustryCompetitors": {"executed_lines": [], "summary": {"covered_lines": 0, "num_statements": 0, "percent_covered": 100.0, "percent_covered_display": "100", "missing_lines": 0, "excluded_lines": 0, "percent_statements_covered": 100.0, "percent_statements_covered_display": "100"}, "missing_lines": [], "excluded_lines": []}, "EventImpactRules": {"executed_lines": [], "summary": {"covered_lines": 0, "num_statements": 0, "percent_covered": 100.0, "percent_covered_display": "100", "missing_lines": 0, "excluded_lines": 0, "percent_statements_covered": 100.0, "percent_statements_covered_display": "100"}, "missing_lines": [], "excluded_lines": []}, "SectorRelationStats": {"executed_lines": [], "summary": {"covered_lines": 0, "num_statements": 0, "percent_covered": 100.0, "percent_covered_display": "100", "missing_lines": 0, "excluded_lines": 0, "percent_statements_covered": 100.0, "percent_statements_covered_display": "100"}, "missing_lines": [], "excluded_lines": []}, "CompetitorBenefitEvents": {"executed_lines": [], "summary": {"covered_lines": 0, "num_statements": 0, "percent_covered": 100.0, "percent_covered_display": "100", "missing_lines": 0, "excluded_lines": 0, "percent_statements_covered": 100.0, "percent_statements_covered_display": "100"}, "missing_lines": [], "excluded_lines": []}, "StockMaster": {"executed_lines": [], "summary": {"covered_lines": 0, "num_statements": 0, "percent_covered": 100.0, "percent_covered_display": "100", "missing_lines": 0, "excluded_lines": 0, "percent_statements_covered": 100.0, "percent_statements_covered_display": "100"}, "missing_lines": [], "excluded_lines": []}, "FinancialMetricsQuarterly": {"executed_lines": [], "summary": {"covered_lines": 0, "num_statements": 0, "percent_covered": 100.0, "percent_covered_display": "100", "missing_lines": 0, "excluded_lines": 0, "percent_statements_covered": 100.0, "percent_statements_covered_display": "100"}, "missing_lines": [], "excluded_lines": []}, "StockInvestorTrading": {"executed_lines": [], "summary": {"covered_lines": 0, "num_statements": 0, "percent_covered": 100.0, "percent_covered_display": "100", "missing_lines": 0, "excluded_lines": 0, "percent_statements_covered": 100.0, "percent_statements_covered_display": "100"}, "missing_lines": [], "excluded_lines": []}, "StockNewsSentiment": {"executed_lines": [], "summary": {"covered_lines": 0, "num_statements": 0, "percent_covered": 100.0, "percent_covered_display": "100", "missing_lines": 0, "excluded_lines": 0, "percent_statements_covered": 100.0, "percent_statements_covered_display": "100"}, "missing_lines": [], "excluded_lines": []}, "StockDisclosures": {"executed_lines": [], "summary": {"covered_lines": 0, "num_statements": 0, "percent_covered": 100.0, "percent_covered_display": "100", "missing_lines": 0, "excluded_lines": 0, "percent_statements_covered": 100.0, "percent_statements_covered_display": "100"}, "missing_lines": [], "excluded_lines": []}, "FactorMetadata": {"executed_lines": [], "summary": {"covered_lines": 0, "num_statements": 0, "percent_covered": 100.0, "percent_covered_display": "100", "missing_lines": 0, "excluded_lines": 0, "percent_statements_covered": 100.0, "percent_statements_covered_display": "100"}, "missing_lines": [], "excluded_lines": []}, "FactorPerformance": {"executed_lines": [], "summary": {"covered_lines": 0, "num_statements": 0, "percent_covered": 100.0, "percent_covered_display": "100", "missing_lines": 0, "excluded_lines": 0, "percent_statements_covered": 100.0, "percent_statements_covered_display": "100"}, "missing_lines": [], "excluded_lines": []}, "NewsFactorStats": {"executed_lines": [], "summary": {"covered_lines": 0, "num_statements": 0, "percent_covered": 100.0, "percent_covered_display": "100", "missing_lines": 0, "excluded_lines": 0, "percent_statements_covered": 100.0, "percent_statements_covered_display": "100"}, "missing_lines": [], "excluded_lines": []}, "DailyQuantScore": {"executed_lines": [], "summary": {"covered_lines": 0, "num_statements": 0, "percent_covered": 100.0, "percent_covered_display": "100", "missing_lines": 0, "excluded_lines": 0, "percent_statements_covered": 100.0, "percent_statements_covered_display": "100"}, "missing_lines": [], "excluded_lines": []}, "LLMDecisionLedger": {"executed_lines": [], "summary": {"covered_lines": 0, "num_statements": 0, "percent_covered": 100.0, "percent_covered_display": "100", "missing_lines": 0, "excluded_lines": 0, "percent_statements_covered": 100.0, "percent_statements_covered_display": "100"}, "missing_lines": [], "excluded_lines": []}, "ShadowRadarLog": {"executed_lines": [], "summary": {"covered_lines": 0, "num_statements": 0, "percent_covered": 100.0, "percent_covered_display": "100", "missing_lines": 0, "excluded_lines": 0, "percent_statements_covered": 100.0, "percent_statements_covered_display": "100"}, "missing_lines": [], "excluded_lines": []}, "MarketFlowSnapshot": {"executed_lines": [], "summary": {"covered_lines": 0, "num_statements": 0, "percent_covered": 100.0, "percent_covered_display": "100", "missing_lines": 0, "excluded_lines": 0, "percent_statements_covered": 100.0, "percent_statements_covered_display": "100"}, "missing_lines": [], "excluded_lines": []}, "StockMinutePrice": {"executed_lines": [], "summary": {"covered_lines": 0, "num_statements": 0, "percent_covered": 100.0, "percent_covered_display": "100", "missing_lines": 0, "excluded_lines": 0, "percent_statements_covered": 100.0, "percent_statements_covered_display": "100"}, "missing_lines": [], "excluded_lines": []}, "": {"executed_lines": [3, 12, 13, 15, 27, 29, 31, 33, 44, 49, 50, 52, 55, 56, 57, 59, 60, 61, 62, 63, 64, 65, 66, 67, 68, 69, 70, 71, 72, 73, 74, 75, 76, 78, 81, 82, 83, 85, 86, 87, 88, 89, 90, 91, 92, 93, 94, 95, 96, 99, 100, 101, 103, 104, 105, 106, 107, 108, 109, 110, 111, 112, 113, 116, 117, 118, 120, 121, 122, 123, 124, 125, 126, 127, 132, 133, 134, 136, 137, 138, 139, 142, 143, 144, 146, 147, 148, 149, 150, 151, 152, 153, 154, 155, 156, 157, 160, 161, 162, 164, 165, 166, 167, 168, 169, 170, 171, 172, 173, 174, 175, 178, 179, 180, 182, 183, 184, 185, 186, 187, 188, 189, 190, 191, 192, 193, 194, 195, 196, 199, 200, 201, 203, 204, 205, 206, 207, 208, 2
[...]
ered": 76.47058823529412, "percent_statements_covered_display": "76"}, "missing_lines": [234, 237, 238, 239], "excluded_lines": []}, "check_death_cross": {"executed_lines": [248, 249, 250, 252, 253, 254, 255, 258, 259, 260, 261, 264, 266], "summary": {"covered_lines": 13, "num_statements": 17, "percent_covered": 76.47058823529412, "percent_covered_display": "76", "missing_lines": 4, "excluded_lines": 0, "percent_statements_covered": 76.47058823529412, "percent_statements_covered_display": "76"}, "missing_lines": [265, 268, 269, 270], "excluded_lines": []}, "check_rsi_overbought": {"executed_lines": [], "summary": {"covered_lines": 0, "num_statements": 8, "percent_covered": 0.0, "percent_covered_display": "0", "missing_lines": 8, "excluded_lines": 0, "percent_statements_covered": 0.0, "percent_statements_covered_display": "0"}, "missing_lines": [280, 281, 282, 283, 284, 285, 286, 287], "excluded_lines": []}, "calculate_momentum": {"executed_lines": [], "summary": {"covered_lines": 0, "num_statements": 14, "percent_covered": 0.0, "percent_covered_display": "0", "missing_lines": 14, "excluded_lines": 0, "percent_statements_covered": 0.0, "percent_statements_covered_display": "0"}, "missing_lines": [305, 306, 307, 309, 310, 311, 312, 314, 315, 317, 318, 319, 320, 321], "excluded_lines": []}, "calculate_relative_strength": {"executed_lines": [], "summary": {"covered_lines": 0, "num_statements": 17, "percent_covered": 0.0, "percent_covered_display": "0", "missing_lines": 17, "excluded_lines": 0, "percent_statements_covered": 0.0, "percent_statements_covered_display": "0"}, "missing_lines": [337, 338, 339, 341, 343, 344, 345, 346, 349, 350, 351, 352, 355, 356, 357, 358, 359], "excluded_lines": []}, "check_resistance_breakout": {"executed_lines": [], "summary": {"covered_lines": 0, "num_statements": 12, "percent_covered": 0.0, "percent_covered_display": "0", "missing_lines": 12, "excluded_lines": 0, "percent_statements_covered": 0.0, "percent_statements_covered_display": "0"}, "missing_lines": [374, 375, 376, 378, 380, 381, 384, 385, 387, 388, 389, 390], "excluded_lines": []}, "check_volume_spike": {"executed_lines": [], "summary": {"covered_lines": 0, "num_statements": 3, "percent_covered": 0.0, "percent_covered_display": "0", "missing_lines": 3, "excluded_lines": 0, "percent_statements_covered": 0.0, "percent_statements_covered_display": "0"}, "missing_lines": [407, 408, 409], "excluded_lines": []}, "check_long_term_trend": {"executed_lines": [], "summary": {"covered_lines": 0, "num_statements": 3, "percent_covered": 0.0, "percent_covered_display": "0", "missing_lines": 3, "excluded_lines": 0, "percent_statements_covered": 0.0, "percent_statements_covered_display": "0"}, "missing_lines": [422, 423, 424], "excluded_lines": []}, "": {"executed_lines": [5, 6, 7, 9, 12, 14, 15, 16, 17, 19, 20, 21, 25, 26, 27, 30, 51, 65, 90, 139, 184, 212, 243, 275, 293, 324, 362, 395, 411], "summary": {"covered_lines": 26, "num_statements": 29, "percent_covered": 89.65517241379311, "percent_covered_display": "90", "missing_lines": 3, "excluded_lines": 3, "percent_statements_covered": 89.65517241379311, "percent_statements_covered_display": "90"}, "missing_lines": [22, 23, 24], "excluded_lines": [25, 26, 27]}}, "classes": {"": {"executed_lines": [5, 6, 7, 9, 12, 14, 15, 16, 17, 19, 20, 21, 25, 26, 27, 30, 31, 32, 33, 34, 35, 36, 37, 38, 39, 40, 41, 43, 44, 46, 47, 48, 51, 53, 54, 55, 57, 59, 60, 61, 63, 65, 70, 71, 72, 73, 74, 75, 76, 85, 86, 87, 90, 96, 99, 100, 101, 102, 103, 104, 105, 106, 107, 108, 109, 115, 116, 122, 123, 124, 125, 126, 128, 129, 131, 132, 133, 139, 144, 145, 146, 147, 148, 149, 151, 152, 166, 167, 168, 169, 170, 171, 173, 174, 175, 184, 189, 190, 191, 193, 194, 195, 196, 199, 200, 202, 203, 212, 217, 218, 219, 221, 222, 223, 224, 227, 228, 229, 230, 233, 235, 243, 248, 249, 250, 252, 253, 254, 255, 258, 259, 260, 261, 264, 266, 275, 293, 324, 362, 395, 411], "summary": {"covered_lines": 138, "num_statements": 235, "percent_covered": 58.723404255319146, "percent_covered_display": "59", "missing_lines": 97, "excluded_lines": 5, "percent_statements_covered": 58.723404255319146, "percent_statements_covered_display": "59"}, "missing_lines": [22, 23, 24, 77, 78, 79, 80, 81, 82, 111, 112, 117, 118, 119, 120, 121, 134, 135, 136, 153, 154, 155, 156, 162, 163, 164, 177, 178, 179, 205, 206, 207, 234, 237, 238, 239, 265, 268, 269, 270, 280, 281, 282, 283, 284, 285, 286, 287, 305, 306, 307, 309, 310, 311, 312, 314, 315, 317, 318, 319, 320, 321, 337, 338, 339, 341, 343, 344, 345, 346, 349, 350, 351, 352, 355, 356, 357, 358, 359, 374, 375, 376, 378, 380, 381, 384, 385, 387, 388, 389, 390, 407, 408, 409, 422, 423, 424], "excluded_lines": [25, 26, 27, 83, 84]}}}, "shared/strategy_presets.py": {"executed_lines": [3, 15, 17, 18, 19, 20, 21, 23, 24, 26, 29, 49, 55, 72, 73, 75, 79, 80, 81, 86, 87, 88, 89, 90, 91, 94, 99, 101, 103, 104, 107, 112, 123, 124, 126, 130, 133, 137, 140, 141, 142], "summary": {"covered_lines": 40, "num_statements": 52, "percent_covered": 76.92307692307692, "percent_covered_display": "77", "missing_lines": 12, "excluded_lines": 0, "percent_statements_covered": 76.92307692307692, "percent_statements_covered_display": "77"}, "missing_lines": [76, 77, 82, 83, 84, 95, 96, 102, 109, 127, 128, 138], "excluded_lines": [], "functions": {"load_strategy_presets": {"executed_lines": [75, 79, 80, 81, 86, 87, 88, 89, 90, 91], "summary": {"covered_lines": 10, "num_statements": 15, "percent_covered": 66.66666666666667, "percent_covered_display": "67", "missing_lines": 5, "excluded_lines": 0, "percent_statements_covered": 66.66666666666667, "percent_statements_covered_display": "67"}, "missing_lines": [76, 77, 82, 83, 84], "excluded_lines": []}, "list_preset_names": {"executed_lines": [], "summary": {"covered_lines": 0, "num_statements": 2, "percent_covered": 0.0, "percent_covered_display": "0", "missing_lines": 2, "excluded_lines": 0, "percent_statements_covered": 0.0, "percent_statements_covered_display": "0"}, "missing_lines": [95, 96], "excluded_lines": []}, "get_preset": {"executed_lines": [101, 103, 104], "summary": {"covered_lines": 3, "num_statements": 4, "percent_covered": 75.0, "percent_covered_display": "75", "missing_lines": 1, "excluded_lines": 0, "percent_statements_covered": 75.0, "percent_statements_covered_display": "75"}, "missing_lines": [102], "excluded_lines": []}, "get_param_defaults": {"executed_lines": [], "summary": {"covered_lines": 0, "num_statements": 1, "percent_covered": 0.0, "percent_covered_display": "0", "missing_lines": 1, "excluded_lines": 0, "percent_statements_covered": 0.0, "percent_statements_covered_display": "0"}, "missing_lines": [109], "excluded_lines": []}, "resolve_preset_for_regime": {"executed_lines": [123, 124, 126, 130], "summary": {"covered_lines": 4, "num_statements": 6, "percent_covered": 66.66666666666667, "percent_covered_display": "67", "missing_lines": 2, "excluded_lines": 0, "percent_statements_covered": 66.66666666666667, "percent_statements_covered_display": "67"}, "missing_lines": [127, 128], "excluded_lines": []}, "apply_preset_to_config": {"executed_lines": [137, 140, 141, 142], "summary": {"covered_lines": 4, "num_statements": 5, "percent_covered": 80.0, "percent_covered_display": "80", "missing_lines": 1, "excluded_lines": 0, "percent_statements_covered": 80.0, "percent_statements_covered_display": "80"}, "missing_lines": [138], "excluded_lines": []}, "": {"executed_lines": [3, 15, 17, 18, 19, 20, 21, 23, 24, 26, 29, 49, 55, 72, 73, 94, 99, 107, 112, 133], "summary": {"covered_lines": 19, "num_statements": 19, "percent_covered": 100.0, "percent_covered_display": "100", "missing_lines": 0, "excluded_lines": 0, "percent_statements_covered": 100.0, "percent_statements_covered_display": "100"}, "missing_lines": [], "excluded_lines": []}}, "classes": {"": {"executed_lines": [3, 15, 17, 18, 19, 20, 21, 23, 24, 26, 29, 49, 55, 72, 73, 75, 79, 80, 81, 86, 87, 88, 89, 90, 91, 94, 99, 101, 103, 104, 107, 112, 123, 124, 126, 130, 133, 137, 140, 141, 142], "summary": {"covered_lines": 40, "num_statements": 52, "percent_covered": 76.92307692307692, "percent_covered_display": "77", "missing_lines": 12, "excluded_lines": 0, "percent_statements_covered": 76.92307692307692, "percent_statements_covered_display": "77"}, "missing_lines": [76, 77, 82, 83, 84, 95, 96, 102, 109, 127, 128, 138], "excluded_lines": []}}}, "shared/utils.py": {"executed_lines": [5, 6, 7, 8, 9, 11, 14, 15, 16, 17, 18, 21, 22, 23, 24, 29, 30, 31, 34, 35, 36, 39, 65, 66, 67, 68, 69, 71, 72, 73, 74, 75, 78, 79, 82, 83, 84, 86, 89, 90, 93, 94, 95, 97, 100, 101, 102, 103, 104, 107, 108, 109, 110, 111, 113, 115, 120, 121, 123, 125, 126, 127, 138, 139, 142, 160, 161, 162, 163, 165, 167, 168, 169, 170, 171, 172, 175, 183, 184, 188, 189, 190, 192, 193, 194, 196, 197, 202, 203, 206, 226, 227, 228, 229, 231, 233, 234, 235, 236, 237, 238, 241, 242, 246, 247, 248, 250, 251, 252, 254, 255, 260, 261, 264, 276, 277, 278, 279, 280, 281, 282, 283, 284, 285, 286, 287, 288, 289, 290, 291, 294, 312, 313, 314, 315, 316, 317, 318, 319, 322, 323, 324, 326, 327, 328, 329, 330, 333, 334, 336, 340, 341, 344, 345, 347, 348, 349, 351], "summary": {"covered_lines": 155, "num_statements": 167, "percent_covered": 92.81437125748504, "percent_covered_display": "93", "missing_lines": 12, "excluded_lines": 0, "percent_statements_covered": 92.81437125748504, "percent_statements_covered_display": "93"}, "missing_lines": [25, 26, 128, 131, 133, 134, 135, 136, 199, 200, 257, 258], "excluded_lines": [], "functions": {"_get_reporter": {"executed_lines": [22, 23, 24], "summary": {"covered_lines": 3, "num_statements": 5, "percent_covered": 60.0, "percent_covered_display": "60", "missing_lines": 2, "excluded_lines": 0, "percent_statements_covered": 60.0, "percent_statements_covered_display": "60"}, "missing_lines": [25, 26], "excluded_lines": []}, "retry_with_backoff": {"executed_lines": [65, 66, 139], "summary": {"covered_lines": 3, "num_statements": 3, "percent_covered": 100.0, "percent_covered_display": "100", "missing_lines": 0, "excluded_lines": 0, "percent_statements_covered": 100.0, "percent_statements_covered_display": "100"}, "missing_lines": [], "excluded_lines": []}, "retry_with_backoff.decorator": {"executed_lines": [67, 138], "summary": {"covered_lines": 2, "num_statements": 2, "percent_covered": 100.0, "percent_covered_display": "100", "missing_lines": 0, "excluded_lines": 0, "percent_statements_covered": 100.0, "percent_statements_covered_display": "100"}, "missing_lines": [], "excluded_lines": []}, "retry_with_backoff.decorator.wrapper": {"executed_lines": [68, 69, 71, 72, 73, 74, 75, 78, 79, 82, 83, 84, 86, 89, 90, 93, 94, 95, 97, 100, 101, 102, 103, 104, 107, 108, 109, 110, 111, 113, 115, 120, 121, 123, 125, 126, 127], "summary": {"covered_lines": 37, "num_statements": 43, "percent_covered": 86.04651162790698, "percent_covered_display": "86", "missing_lines": 6, "excluded_lines": 0, "percent_statements_covered": 86.04651162790698, "percent_statements_covered_display": "86"}, "missing_lines": [128, 131, 133, 134, 135, 136], "excluded_lines": []}, "safe_db_operation": {"executed_lines": [160, 161, 203], "summary": {"covered_lines": 3, "num_statements": 3, "percent_covered": 100.0, "percent_covered_display": "100", "missing_lines": 0, "excluded_lines": 0, "percent_statements_covered": 100.0, "percent_statements_covered_display": "100"}, "missing_lines": [], "excluded_lines": []}, "safe_db_operation.decorator": {"executed_lines": [162, 202], "summary": {"covered_lines": 2, "num_statements": 2, "percent_covered": 100.0, "percent_covered_display": "100", "missing_lines": 0, "excluded_lines": 0, "percent_statements_covered": 100.0, "percent_statements_covered_display": "100"}, "missing_lines": [], "excluded_lines": []}, "safe_db_operation.decorator.wrapper": {"executed_lines": [163, 165, 167, 168, 169, 170, 171, 172, 175, 183, 184, 188, 189, 190, 192, 193, 194, 196, 197], "summary": {"covered_lines": 19, "num_statements": 21, "percent_covered": 90.47619047619048, "percent_covered_display": "90", "missing_lines": 2, "excluded_lines": 0, "percent_statements_covered": 90.47619047619048, "percent_statements_covered_display": "90"}, "missing_lines": [199, 200], "excluded_lines": []}, "safe_api_call": {"executed_lines": [226, 227, 261], "summary": {"covered_lines": 3, "num_statements": 3, "percent_covered": 100.0, "percent_covered_display": "100", "missing_lines": 0, "excluded_lines": 0, "percent_statements_covered": 100.0, "percent_statements_covered_display": "100"}, "missing_lines": [], "excluded_lines": []}, "safe_api_call.decorator": {"executed_lines": [228, 260], "summary": {"covered_lines": 2, "num_statements": 2, "percent_covered": 100.0, "percent_covered_display": "100", "missing_lines": 0, "excluded_lines": 0, "percent_statements_covered": 100.0, "percent_statements_covered_display": "100"}, "missing_lines": [], "excluded_lines": []}, "safe_api_call.decorator.wrapper": {"executed_lines": [229, 231, 233, 234, 235, 236, 237, 238, 241, 242, 246, 247, 248, 250, 251, 252, 254, 255], "summary": {"covered_lines": 18, "num_statements": 20, "percent_covered": 90.0, "percent_covered_display": "90", "missing_lines": 2, "excluded_lines": 0, "percent_statements_covered": 90.0, "percent_statements_covered_display": "90"}, "missing_lines": [257, 258], "excluded_lines": []}, "log_execution_time": {"executed_lines": [276, 277, 291], "summary": {"covered_lines": 3, "num_statements": 3, "percent_covered": 100.0, "percent_covered_display": "100", "missing_lines": 0, "excluded_lines": 0, "percent_statements_covered": 100.0, "percent_statements_covered_display": "100"}, "missing_lines": [], "excluded_lines": []}, "log_execution_time.decorator": {"executed_lines": [278, 290], "summary": {"covered_lines": 2, "num_statements": 2, "percent_covered": 100.0, "percent_covered_display": "100", "missing_lines": 0, "excluded_lines": 0, "percent_statements_covered": 100.0, "percent_statements_covered_display": "100"}, "missing_lines": [], "excluded_lines": []}, "log_execution_time.decorator.wrapper": {"executed_lines": [279, 280, 281, 282, 283, 284, 285, 286, 287, 288, 289], "summary": {"covered_lines": 11, "num_statements": 11, "percent_covered": 100.0, "percent_covered_display": "100", "missing_lines": 0, "excluded_lines": 0, "percent_statements_covered": 100.0, "percent_statements_covered_display": "100"}, "missing_lines": [], "excluded_lines": []}, "handle_errors": {"executed_lines": [312, 313, 330], "summary": {"covered_lines": 3, "num_statements": 3, "percent_covered": 100.0, "percent_covered_display": "100", "missing_lines": 0, "excluded_lines": 0, "percent_statements_covered": 100.0, "percent_statements_covered_display": "100"}, "missing_lines": [], "excluded_lines": []}, "handle_errors.decorator": {"executed_lines": [314, 329], "summary": {"covered_lines": 2, "num_statements": 2, "percent_covered": 100.0, "percent_covered_display": "100", "missing_lines": 0, "excluded_lines": 0, "percent_statements_covered": 100.0, "percent_statements_covered_display": "100"}, "missing_lines": [], "excluded_lines": []}, "handle_errors.decorator.wrapper": {"executed_lines": [315, 316, 317, 318, 319, 322, 323, 324, 326, 327, 328], "summary": {"covered_lines": 11, "num_statements": 11, "percent_covered": 100.0, "percent_covered_display": "100", "missing_lines": 0, "excluded_lines": 0, "percent_statements_covered": 100.0, "percent_statements_covered_display": "100"}, "missing_lines": [], "excluded_lines": []}, "is_operating_hours": {"executed_lines": [340, 341, 344, 345, 347, 348, 349, 351], "summary": {"covered_lines": 8, "num_statements": 8, "percent_covered": 100.0, "percent_covered_display": "100", "missing_lines": 0, "excluded_lines": 0, "percent_statements_covered": 100.0, "percent_statements_covered_display": "100"}, "missing_lines": [], "excluded_lines": []}, "": {"executed_lines": [5, 6, 7, 8, 9, 11, 14, 15, 16, 17, 18, 21, 29, 30, 31, 34, 35, 36, 39, 142, 206, 264, 294, 333, 334, 336], "summary": {"covered_lines": 23, "num_statements": 23, "percent_covered": 100.0, "percent_covered_display": "100", "missing_lines": 0, "excluded_lines": 0, "percent_statements_covered": 100.0, "percent_statements_covered_display": "100"}, "missing_lines": [], "excluded_lines": []}}, "classes": {"RetryStrategy": {"executed_lines": [], "summary": {"covered_lines": 0, "num_statements": 0, "percent_covered": 100.0, "percent_covered_display": "100", "missing_lines": 0, "excluded_lines": 0, "percent_statements_covered": 100.0, "percent_statements_covered_display": "100"}, "missing_lines": [], "excluded_lines": []}, "RetryableError": {"executed_lines": [], "summary": {"covered_lines": 0, "num_statements": 0, "percent_covered": 100.0, "percent_covered_display": "100", "missing_lines": 0, "excluded_lines": 0, "percent_statements_covered": 100.0, "percent_statements_covered_display": "100"}, "missing_lines": [], "excluded_lines": []}, "NonRetryableError": {"executed_lines": [], "summary": {"covered_lines": 0, "num_statements": 0, "percent_covered": 100.0, "percent_covered_display": "100", "missing_lines": 0, "excluded_lines": 0, "percent_statements_covered": 100.0, "percent_statements_covered_display": "100"}, "missing_lines": [], "excluded_lines": []}, "": {"executed_lines": [5, 6, 7, 8, 9, 11, 14, 15, 16, 17, 18, 21, 22, 23, 24, 29, 30, 31, 34, 35, 36, 39, 65, 66, 67, 68, 69, 71, 72, 73, 74, 75, 78, 79, 82, 83, 84, 86, 89, 90, 93, 94, 95, 97, 100, 101, 102, 103, 104, 107, 108, 109, 110, 111, 113, 115, 120, 121, 123, 125, 126, 127, 138, 139, 142, 160, 161, 162, 163, 165, 167, 168, 169, 170, 171, 172, 175, 183, 184, 188, 189, 190, 192, 193, 194, 196, 197, 202, 203, 206, 226, 227, 228, 229, 231, 233, 234, 235, 236, 237, 238, 241, 242, 246, 247, 248, 250, 251, 252, 254, 255, 260, 261, 264, 276, 277, 278, 279, 280, 281, 282, 283, 284, 285, 286, 287, 288, 289, 290, 291, 294, 312, 313, 314, 315, 316, 317, 318, 319, 322, 323, 324, 326, 327, 328, 329, 330, 333, 334, 336, 340, 341, 344, 345, 347, 348, 349, 351], "summary": {"covered_lines": 155, "num_statements": 167, "percent_covered": 92.81437125748504, "percent_covered_display": "93", "missing_lines": 12, "excluded_lines": 0, "percent_statements_covered": 92.81437125748504, "percent_statements_covered_display": "93"}, "missing_lines": [25, 26, 128, 131, 133, 134, 135, 136, 199, 200, 257, 258], "excluded_lines": []}}}, "shared/version.py": {"executed_lines": [], "summary": {"covered_lines": 0, "num_statements": 5, "percent_covered": 0.0, "percent_covered_display": "0", "missing_lines": 5, "excluded_lines": 0, "percent_statements_covered": 0.0, "percent_statements_covered_display": "0"}, "missing_lines": [5, 6, 7, 9, 11], "excluded_lines": [], "functions": {"get_service_title": {"executed_lines": [], "summary": {"covered_lines": 0, "num_statements": 1, "percent_covered": 0.0, "percent_covered_display": "0", "missing_lines": 1, "excluded_lines": 0, "percent_statements_covered": 0.0, "percent_statements_covered_display": "0"}, "missing_lines": [11], "excluded_lines": []}, "": {"executed_lines": [], "summary": {"covered_lines": 0, "num_statements": 4, "percent_covered": 0.0, "percent_covered_display": "0", "missing_lines": 4, "excluded_lines": 0, "percent_statements_covered": 0.0, "percent_statements_covered_display": "0"}, "missing_lines": [5, 6, 7, 9], "excluded_lines": []}}, "classes": {"": {"executed_lines": [], "summary": {"covered_lines": 0, "num_statements": 5, "percent_covered": 0.0, "percent_covered_display": "0", "missing_lines": 5, "excluded_lines": 0, "percent_statements_covered": 0.0, "percent_statements_covered_display": "0"}, "missing_lines": [5, 6, 7, 9, 11], "excluded_lines": []}}}}, "totals": {"covered_lines": 3740, "num_statements": 8713, "percent_covered": 42.92436589004935, "percent_covered_display": "43", "missing_lines": 4973, "excluded_lines": 43, "percent_statements_covered": 42.92436589004935, "percent_statements_covered_display": "43"}}